<?xml version="1.0" encoding="UTF-8" standalone="yes"?><!DOCTYPE report PUBLIC "-//JACOCO//DTD Report 1.1//EN" "report.dtd"><report name="debug"><sessioninfo id="js-sufice-8827cec7" start="1780269561307" dump="1780269564162"/><package name="com/yolojj333/heythere"><class name="com/yolojj333/heythere/MainActivity" sourcefilename="MainActivity.kt"><method name="&lt;init&gt;" desc="()V" line="58"><counter type="INSTRUCTION" missed="3" covered="0"/><counter type="LINE" missed="1" covered="0"/><counter type="COMPLEXITY" missed="1" covered="0"/><counter type="METHOD" missed="1" covered="0"/></method><method name="onCreate" desc="(Landroid/os/Bundle;)V" line="60"><counter type="INSTRUCTION" missed="12" covered="0"/><counter type="LINE" missed="3" covered="0"/><counter type="COMPLEXITY" missed="1" covered="0"/><counter type="METHOD" missed="1" covered="0"/></method><counter type="INSTRUCTION" missed="15" covered="0"/><counter type="LINE" missed="4" covered="0"/><counter type="COMPLEXITY" missed="2" covered="0"/><counter type="METHOD" missed="2" covered="0"/><counter type="CLASS" missed="1" covered="0"/></class><class name="com/yolojj333/heythere/MainActivityKt$MainAppScaffold$2$1" sourcefilename="MainActivity.kt"><method name="invokeSuspend" desc="(Ljava/lang/Object;)Ljava/lang/Object;" line="126"><counter type="INSTRUCTION" missed="20" covered="0"/><counter type="BRANCH" missed="2" covered="0"/><counter type="LINE" missed="3" covered="0"/><counter type="COMPLEXITY" missed="2" covered="0"/><counter type="METHOD" missed="1" covered="0"/></method><method name="invokeSuspend$lambda$0" desc="(Landroidx/compose/runtime/MutableState;Ljava/util/List;)Lkotlin/Unit;" line="128"><counter type="INSTRUCTION" missed="5" covered="0"/><counter type="LINE" missed="1" covered="0"/><counter type="COMPLEXITY" missed="1" covered="0"/><counter type="METHOD" missed="1" covered="0"/></method><method name="invokeSuspend$lambda$1" desc="(Ljava/lang/Exception;)Lkotlin/Unit;" line="129"><counter type="INSTRUCTION" missed="2" covered="0"/><counter type="LINE" missed="1" covered="0"/><counter type="COMPLEXITY" missed="1" covered="0"/><counter type="METHOD" missed="1" covered="0"/></method><counter type="INSTRUCTION" missed="27" covered="0"/><counter type="BRANCH" missed="2" covered="0"/><counter type="LINE" missed="5" covered="0"/><counter type="COMPLEXITY" missed="4" covered="0"/><counter type="METHOD" missed="3" covered="0"/><counter type="CLASS" missed="1" covered="0"/></class><class name="com/yolojj333/heythere/MainActivityKt$MainAppScaffold$1$1" sourcefilename="MainActivity.kt"><method name="invokeSuspend" desc="(Ljava/lang/Object;)Ljava/lang/Object;" line="104"><counter type="INSTRUCTION" missed="43" covered="0"/><counter type="BRANCH" missed="6" covered="0"/><counter type="LINE" missed="6" covered="0"/><counter type="COMPLEXITY" missed="4" covered="0"/><counter type="METHOD" missed="1" covered="0"/></method><method name="invokeSuspend$lambda$0" desc="(Ljava/lang/String;Landroidx/compose/runtime/MutableState;Landroidx/compose/runtime/MutableState;Lcom/yolojj333/heythere/models/User;)Lkotlin/Unit;" line="110"><counter type="INSTRUCTION" missed="27" covered="0"/><counter type="BRANCH" missed="2" covered="0"/><counter type="LINE" missed="5" covered="0"/><counter type="COMPLEXITY" missed="2" covered="0"/><counter type="METHOD" missed="1" covered="0"/></method><method name="invokeSuspend$lambda$1" desc="(Landroid/content/Context;Ljava/lang/String;Landroidx/compose/runtime/MutableState;Landroidx/compose/runtime/MutableState;Ljava/lang/Exception;)Lkotlin/Unit;" line="118"><counter type="INSTRUCTION" missed="27" covered="0"/><counter type="LINE" missed="4" covered="0"/><counter type="COMPLEXITY" missed="1" covered="0"/><counter type="METHOD" missed="1" covered="0"/></method><counter type="INSTRUCTION" missed="97" covered="0"/><counter type="BRANCH" missed="8" covered="0"/><counter type="LINE" missed="15" covered="0"/><counter type="COMPLEXITY" missed="7" covered="0"/><counter type="METHOD" missed="3" covered="0"/><counter type="CLASS" missed="1" covered="0"/></class><class name="com/yolojj333/heythere/ComposableSingletons$MainActivityKt" sourcefilename="MainActivity.kt"><method name="lambda_2138674966$lambda$0" desc="(Landroidx/compose/runtime/Composer;I)Lkotlin/Unit;" line="66"><counter type="INSTRUCTION" missed="29" covered="0"/><counter type="BRANCH" missed="8" covered="0"/><counter type="LINE" missed="3" covered="0"/><counter type="COMPLEXITY" missed="5" covered="0"/><counter type="METHOD" missed="1" covered="0"/></method><method name="lambda_156098833$lambda$1" desc="(Landroidx/compose/runtime/Composer;I)Lkotlin/Unit;" line="62"><counter type="INSTRUCTION" missed="49" covered="0"/><counter type="BRANCH" missed="8" covered="0"/><counter type="LINE" missed="5" covered="0"/><counter type="COMPLEXITY" missed="5" covered="0"/><counter type="METHOD" missed="1" covered="0"/></method><method name="lambda__483981799$lambda$2" desc="(Landroidx/compose/runtime/Composer;I)Lkotlin/Unit;" line="61"><counter type="INSTRUCTION" missed="35" covered="0"/><counter type="BRANCH" missed="8" covered="0"/><counter type="LINE" missed="3" covered="0"/><counter type="COMPLEXITY" missed="5" covered="0"/><counter type="METHOD" missed="1" covered="0"/></method><method name="lambda__217987824$lambda$3" desc="(Landroidx/compose/runtime/Composer;I)Lkotlin/Unit;" line="157"><counter type="INSTRUCTION" missed="35" covered="0"/><counter type="BRANCH" missed="8" covered="0"/><counter type="LINE" missed="1" covered="0"/><counter type="COMPLEXITY" missed="5" covered="0"/><counter type="METHOD" missed="1" covered="0"/></method><method name="lambda__1921904493$lambda$4" desc="(Landroidx/compose/runtime/Composer;I)Lkotlin/Unit;" line="158"><counter type="INSTRUCTION" missed="48" covered="0"/><counter type="BRANCH" missed="8" covered="0"/><counter type="LINE" missed="1" covered="0"/><counter type="COMPLEXITY" missed="5" covered="0"/><counter type="METHOD" missed="1" covered="0"/></method><method name="lambda__2043936967$lambda$5" desc="(Landroidx/compose/runtime/Composer;I)Lkotlin/Unit;" line="163"><counter type="INSTRUCTION" missed="35" covered="0"/><counter type="BRANCH" missed="8" covered="0"/><counter type="LINE" missed="1" covered="0"/><counter type="COMPLEXITY" missed="5" covered="0"/><counter type="METHOD" missed="1" covered="0"/></method><method name="lambda_1169651196$lambda$6" desc="(Landroidx/compose/runtime/Composer;I)Lkotlin/Unit;" line="164"><counter type="INSTRUCTION" missed="48" covered="0"/><counter type="BRANCH" missed="8" covered="0"/><counter type="LINE" missed="1" covered="0"/><counter type="COMPLEXITY" missed="5" covered="0"/><counter type="METHOD" missed="1" covered="0"/></method><method name="lambda_1576963544$lambda$7" desc="(Landroidx/compose/runtime/Composer;I)Lkotlin/Unit;" line="169"><counter type="INSTRUCTION" missed="35" covered="0"/><counter type="BRANCH" missed="8" covered="0"/><counter type="LINE" missed="1" covered="0"/><counter type="COMPLEXITY" missed="5" covered="0"/><counter type="METHOD" missed="1" covered="0"/></method><method name="lambda_495584411$lambda$8" desc="(Landroidx/compose/runtime/Composer;I)Lkotlin/Unit;" line="170"><counter type="INSTRUCTION" missed="48" covered="0"/><counter type="BRANCH" missed="8" covered="0"/><counter type="LINE" missed="1" covered="0"/><counter type="COMPLEXITY" missed="5" covered="0"/><counter type="METHOD" missed="1" covered="0"/></method><method name="lambda_902896759$lambda$9" desc="(Landroidx/compose/runtime/Composer;I)Lkotlin/Unit;" line="175"><counter type="INSTRUCTION" missed="35" covered="0"/><counter type="BRANCH" missed="8" covered="0"/><counter type="LINE" missed="1" covered="0"/><counter type="COMPLEXITY" missed="5" covered="0"/><counter type="METHOD" missed="1" covered="0"/></method><method name="lambda__178482374$lambda$10" desc="(Landroidx/compose/runtime/Composer;I)Lkotlin/Unit;" line="176"><counter type="INSTRUCTION" missed="48" covered="0"/><counter type="BRANCH" missed="8" covered="0"/><counter type="LINE" missed="1" covered="0"/><counter type="COMPLEXITY" missed="5" covered="0"/><counter type="METHOD" missed="1" covered="0"/></method><method name="lambda__1442790857$lambda$11" desc="(Landroidx/compose/runtime/Composer;I)Lkotlin/Unit;" line="512"><counter type="INSTRUCTION" missed="48" covered="0"/><counter type="BRANCH" missed="8" covered="0"/><counter type="LINE" missed="1" covered="0"/><counter type="COMPLEXITY" missed="5" covered="0"/><counter type="METHOD" missed="1" covered="0"/></method><method name="lambda_1506408110$lambda$12" desc="(Landroidx/compose/runtime/Composer;I)Lkotlin/Unit;" line="518"><counter type="INSTRUCTION" missed="48" covered="0"/><counter type="BRANCH" missed="8" covered="0"/><counter type="LINE" missed="1" covered="0"/><counter type="COMPLEXITY" missed="5" covered="0"/><counter type="METHOD" missed="1" covered="0"/></method><method name="lambda__821493980$lambda$13" desc="(Landroidx/compose/runtime/Composer;I)Lkotlin/Unit;" line="691"><counter type="INSTRUCTION" missed="35" covered="0"/><counter type="BRANCH" missed="8" covered="0"/><counter type="LINE" missed="3" covered="0"/><counter type="COMPLEXITY" missed="5" covered="0"/><counter type="METHOD" missed="1" covered="0"/></method><method name="&lt;clinit&gt;" desc="()V" line="61"><counter type="INSTRUCTION" missed="89" covered="0"/><counter type="LINE" missed="14" covered="0"/><counter type="COMPLEXITY" missed="1" covered="0"/><counter type="METHOD" missed="1" covered="0"/></method><counter type="INSTRUCTION" missed="665" covered="0"/><counter type="BRANCH" missed="112" covered="0"/><counter type="LINE" missed="23" covered="0"/><counter type="COMPLEXITY" missed="71" covered="0"/><counter type="METHOD" missed="15" covered="0"/><counter type="CLASS" missed="1" covered="0"/></class><class name="com/yolojj333/heythere/MainActivityKt$MainAppScaffold$$inlined$rememberCameraPositionState$1" sourcefilename="CameraPositionState.kt"><method name="invoke" desc="()Lcom/google/maps/android/compose/CameraPositionState;" line="52"><counter type="INSTRUCTION" missed="14" covered="0"/><counter type="LINE" missed="1" covered="0"/><counter type="COMPLEXITY" missed="1" covered="0"/><counter type="METHOD" missed="1" covered="0"/></method><counter type="INSTRUCTION" missed="14" covered="0"/><counter type="LINE" missed="1" covered="0"/><counter type="COMPLEXITY" missed="1" covered="0"/><counter type="METHOD" missed="1" covered="0"/><counter type="CLASS" missed="1" covered="0"/></class><class name="com/yolojj333/heythere/MainActivityKt$BeaconMapScreen$2$1$locationCallback$1" sourcefilename="MainActivity.kt"><method name="&lt;init&gt;" desc="(Landroid/content/SharedPreferences;Lcom/yolojj333/heythere/models/User;Landroid/content/Context;Lkotlin/jvm/functions/Function1;Landroidx/compose/runtime/MutableState;)V" line="388"><counter type="INSTRUCTION" missed="18" covered="0"/><counter type="LINE" missed="1" covered="0"/><counter type="COMPLEXITY" missed="1" covered="0"/><counter type="METHOD" missed="1" covered="0"/></method><method name="onLocationResult" desc="(Lcom/google/android/gms/location/LocationResult;)V" line="390"><counter type="INSTRUCTION" missed="176" covered="0"/><counter type="BRANCH" missed="20" covered="0"/><counter type="LINE" missed="33" covered="0"/><counter type="COMPLEXITY" missed="11" covered="0"/><counter type="METHOD" missed="1" covered="0"/></method><counter type="INSTRUCTION" missed="194" covered="0"/><counter type="BRANCH" missed="20" covered="0"/><counter type="LINE" missed="34" covered="0"/><counter type="COMPLEXITY" missed="12" covered="0"/><counter type="METHOD" missed="2" covered="0"/><counter type="CLASS" missed="1" covered="0"/></class><class name="com/yolojj333/heythere/MainActivityKt" sourcefilename="MainActivity.kt"><method name="BeaconAppRoot" desc="(Landroidx/compose/runtime/Composer;I)V" line="74"><counter type="INSTRUCTION" missed="139" covered="0"/><counter type="BRANCH" missed="14" covered="0"/><counter type="LINE" missed="9" covered="0"/><counter type="COMPLEXITY" missed="8" covered="0"/><counter type="METHOD" missed="1" covered="0"/></method><method name="MainAppScaffold" desc="(Lkotlin/jvm/functions/Function0;Landroidx/compose/runtime/Composer;I)V" line="91"><counter type="INSTRUCTION" missed="486" covered="0"/><counter type="BRANCH" missed="36" covered="0"/><counter type="LINE" missed="28" covered="0"/><counter type="COMPLEXITY" missed="19" covered="0"/><counter type="METHOD" missed="1" covered="0"/></method><method name="LocationPermissionScreen" desc="(Lcom/yolojj333/heythere/models/User;Lcom/google/maps/android/compose/CameraPositionState;Ljava/util/List;Lkotlin/jvm/functions/Function1;Landroidx/compose/runtime/Composer;I)V" line="310"><counter type="INSTRUCTION" missed="266" covered="0"/><counter type="BRANCH" missed="36" covered="0"/><counter type="LINE" missed="14" covered="0"/><counter type="COMPLEXITY" missed="19" covered="0"/><counter type="METHOD" missed="1" covered="0"/></method><method name="BeaconMapScreen" desc="(Lcom/yolojj333/heythere/models/User;Lcom/google/maps/android/compose/CameraPositionState;Ljava/util/List;ZLkotlin/jvm/functions/Function1;Landroidx/compose/runtime/Composer;I)V" line="349"><counter type="INSTRUCTION" missed="796" covered="0"/><counter type="BRANCH" missed="66" covered="0"/><counter type="LINE" missed="49" covered="0"/><counter type="COMPLEXITY" missed="34" covered="0"/><counter type="METHOD" missed="1" covered="0"/></method><method name="createCircularMapPin" desc="(Landroid/graphics/Bitmap;I)Lcom/google/android/gms/maps/model/BitmapDescriptor;" line="703"><counter type="INSTRUCTION" missed="118" covered="0"/><counter type="LINE" missed="18" covered="0"/><counter type="COMPLEXITY" missed="1" covered="0"/><counter type="METHOD" missed="1" covered="0"/></method><method name="BeaconAppRoot$lambda$1" desc="(Landroidx/compose/runtime/MutableState;)Z" line="77"><counter type="INSTRUCTION" missed="10" covered="0"/><counter type="LINE" missed="1" covered="0"/><counter type="COMPLEXITY" missed="1" covered="0"/><counter type="METHOD" missed="1" covered="0"/></method><method name="BeaconAppRoot$lambda$2" desc="(Landroidx/compose/runtime/MutableState;Z)V" line="77"><counter type="INSTRUCTION" missed="12" covered="0"/><counter type="LINE" missed="1" covered="0"/><counter type="COMPLEXITY" missed="1" covered="0"/><counter type="METHOD" missed="1" covered="0"/></method><method name="BeaconAppRoot$lambda$4$lambda$3" desc="(Lcom/google/firebase/auth/FirebaseAuth;Landroidx/compose/runtime/MutableState;)Lkotlin/Unit;" line="81"><counter type="INSTRUCTION" missed="7" covered="0"/><counter type="LINE" missed="3" covered="0"/><counter type="COMPLEXITY" missed="1" covered="0"/><counter type="METHOD" missed="1" covered="0"/></method><method name="BeaconAppRoot$lambda$6$lambda$5" desc="(Landroidx/compose/runtime/MutableState;)Lkotlin/Unit;" line="86"><counter type="INSTRUCTION" missed="5" covered="0"/><counter type="LINE" missed="2" covered="0"/><counter type="COMPLEXITY" missed="1" covered="0"/><counter type="METHOD" missed="1" covered="0"/></method><method name="MainAppScaffold$lambda$10" desc="(Landroidx/compose/runtime/MutableState;)Ljava/lang/String;" line="97"><counter type="INSTRUCTION" missed="10" covered="0"/><counter type="LINE" missed="1" covered="0"/><counter type="COMPLEXITY" missed="1" covered="0"/><counter type="METHOD" missed="1" covered="0"/></method><method name="MainAppScaffold$lambda$11" desc="(Landroidx/compose/runtime/MutableState;Ljava/lang/String;)V" line="97"><counter type="INSTRUCTION" missed="11" covered="0"/><counter type="LINE" missed="1" covered="0"/><counter type="COMPLEXITY" missed="1" covered="0"/><counter type="METHOD" missed="1" covered="0"/></method><method name="MainAppScaffold$lambda$13" desc="(Landroidx/compose/runtime/MutableState;)Lcom/yolojj333/heythere/models/User;" line="98"><counter type="INSTRUCTION" missed="10" covered="0"/><counter type="LINE" missed="1" covered="0"/><counter type="COMPLEXITY" missed="1" covered="0"/><counter type="METHOD" missed="1" covered="0"/></method><method name="MainAppScaffold$lambda$14" desc="(Landroidx/compose/runtime/MutableState;Lcom/yolojj333/heythere/models/User;)V" line="98"><counter type="INSTRUCTION" missed="11" covered="0"/><counter type="LINE" missed="1" covered="0"/><counter type="COMPLEXITY" missed="1" covered="0"/><counter type="METHOD" missed="1" covered="0"/></method><method name="MainAppScaffold$lambda$16" desc="(Landroidx/compose/runtime/MutableState;)Z" line="99"><counter type="INSTRUCTION" missed="10" covered="0"/><counter type="LINE" missed="1" covered="0"/><counter type="COMPLEXITY" missed="1" covered="0"/><counter type="METHOD" missed="1" covered="0"/></method><method name="MainAppScaffold$lambda$17" desc="(Landroidx/compose/runtime/MutableState;Z)V" line="99"><counter type="INSTRUCTION" missed="12" covered="0"/><counter type="LINE" missed="1" covered="0"/><counter type="COMPLEXITY" missed="1" covered="0"/><counter type="METHOD" missed="1" covered="0"/></method><method name="MainAppScaffold$lambda$19" desc="(Landroidx/compose/runtime/MutableState;)Ljava/util/List;" line="100"><counter type="INSTRUCTION" missed="10" covered="0"/><counter type="LINE" missed="1" covered="0"/><counter type="COMPLEXITY" missed="1" covered="0"/><counter type="METHOD" missed="1" covered="0"/></method><method name="MainAppScaffold$lambda$20" desc="(Landroidx/compose/runtime/MutableState;Ljava/util/List;)V" line="100"><counter type="INSTRUCTION" missed="11" covered="0"/><counter type="LINE" missed="1" covered="0"/><counter type="COMPLEXITY" missed="1" covered="0"/><counter type="METHOD" missed="1" covered="0"/></method><method name="MainAppScaffold$lambda$22" desc="(Landroidx/compose/runtime/MutableState;)Z" line="102"><counter type="INSTRUCTION" missed="10" covered="0"/><counter type="LINE" missed="1" covered="0"/><counter type="COMPLEXITY" missed="1" covered="0"/><counter type="METHOD" missed="1" covered="0"/></method><method name="MainAppScaffold$lambda$23" desc="(Landroidx/compose/runtime/MutableState;Z)V" line="102"><counter type="INSTRUCTION" missed="12" covered="0"/><counter type="LINE" missed="1" covered="0"/><counter type="COMPLEXITY" missed="1" covered="0"/><counter type="METHOD" missed="1" covered="0"/></method><method name="MainAppScaffold$lambda$28" desc="(Lcom/google/android/gms/maps/model/LatLng;FLcom/google/maps/android/compose/CameraPositionState;)Lkotlin/Unit;" line="150"><counter type="INSTRUCTION" missed="13" covered="0"/><counter type="LINE" missed="2" covered="0"/><counter type="COMPLEXITY" missed="1" covered="0"/><counter type="METHOD" missed="1" covered="0"/></method><method name="MainAppScaffold$lambda$38$lambda$37$lambda$30$lambda$29" desc="(Landroidx/compose/runtime/MutableState;)Lkotlin/Unit;" line="160"><counter type="INSTRUCTION" missed="5" covered="0"/><counter type="LINE" missed="1" covered="0"/><counter type="COMPLEXITY" missed="1" covered="0"/><counter type="METHOD" missed="1" covered="0"/></method><method name="MainAppScaffold$lambda$38$lambda$37$lambda$32$lambda$31" desc="(Landroidx/compose/runtime/MutableState;)Lkotlin/Unit;" line="166"><counter type="INSTRUCTION" missed="5" covered="0"/><counter type="LINE" missed="1" covered="0"/><counter type="COMPLEXITY" missed="1" covered="0"/><counter type="METHOD" missed="1" covered="0"/></method><method name="MainAppScaffold$lambda$38$lambda$37$lambda$34$lambda$33" desc="(Landroidx/compose/runtime/MutableState;)Lkotlin/Unit;" line="172"><counter type="INSTRUCTION" missed="5" covered="0"/><counter type="LINE" missed="1" covered="0"/><counter type="COMPLEXITY" missed="1" covered="0"/><counter type="METHOD" missed="1" covered="0"/></method><method name="MainAppScaffold$lambda$38$lambda$37$lambda$36$lambda$35" desc="(Landroidx/compose/runtime/MutableState;)Lkotlin/Unit;" line="178"><counter type="INSTRUCTION" missed="5" covered="0"/><counter type="LINE" missed="1" covered="0"/><counter type="COMPLEXITY" missed="1" covered="0"/><counter type="METHOD" missed="1" covered="0"/></method><method name="MainAppScaffold$lambda$38$lambda$37" desc="(Landroidx/compose/runtime/MutableState;Landroidx/compose/foundation/layout/RowScope;Landroidx/compose/runtime/Composer;I)Lkotlin/Unit;" line="155"><counter type="INSTRUCTION" missed="237" covered="0"/><counter type="BRANCH" missed="12" covered="0"/><counter type="LINE" missed="14" covered="0"/><counter type="COMPLEXITY" missed="7" covered="0"/><counter type="METHOD" missed="1" covered="0"/></method><method name="MainAppScaffold$lambda$38" desc="(Landroidx/compose/runtime/MutableState;Landroidx/compose/runtime/Composer;I)Lkotlin/Unit;" line="154"><counter type="INSTRUCTION" missed="42" covered="0"/><counter type="BRANCH" missed="8" covered="0"/><counter type="LINE" missed="3" covered="0"/><counter type="COMPLEXITY" missed="5" covered="0"/><counter type="METHOD" missed="1" covered="0"/></method><method name="MainAppScaffold$lambda$63$lambda$62$lambda$42$lambda$41$lambda$39" desc="()Lkotlin/Unit;" line="191"><counter type="INSTRUCTION" missed="2" covered="0"/><counter type="LINE" missed="1" covered="0"/><counter type="COMPLEXITY" missed="1" covered="0"/><counter type="METHOD" missed="1" covered="0"/></method><method name="MainAppScaffold$lambda$63$lambda$62$lambda$42$lambda$41$lambda$40" desc="(Ljava/lang/Exception;)Lkotlin/Unit;" line="191"><counter type="INSTRUCTION" missed="5" covered="0"/><counter type="LINE" missed="1" covered="0"/><counter type="COMPLEXITY" missed="1" covered="0"/><counter type="METHOD" missed="1" covered="0"/></method><method name="MainAppScaffold$lambda$63$lambda$62$lambda$42$lambda$41" desc="(Landroidx/compose/runtime/MutableState;Lcom/yolojj333/heythere/models/User;)Lkotlin/Unit;" line="190"><counter type="INSTRUCTION" missed="13" covered="0"/><counter type="LINE" missed="3" covered="0"/><counter type="COMPLEXITY" missed="1" covered="0"/><counter type="METHOD" missed="1" covered="0"/></method><method name="MainAppScaffold$lambda$63$lambda$62$lambda$45$lambda$44" desc="(Landroidx/compose/runtime/MutableState;Lcom/yolojj333/heythere/models/User;)Lkotlin/Unit;" line="206"><counter type="INSTRUCTION" missed="8" covered="0"/><counter type="LINE" missed="1" covered="0"/><counter type="COMPLEXITY" missed="1" covered="0"/><counter type="METHOD" missed="1" covered="0"/></method><method name="MainAppScaffold$lambda$63$lambda$62$lambda$57$lambda$56$lambda$48$lambda$46" desc="(Lcom/yolojj333/heythere/models/User;Landroid/content/Context;Landroidx/compose/runtime/MutableState;Landroidx/compose/runtime/MutableState;)Lkotlin/Unit;" line="240"><counter type="INSTRUCTION" missed="14" covered="0"/><counter type="LINE" missed="4" covered="0"/><counter type="COMPLEXITY" missed="1" covered="0"/><counter type="METHOD" missed="1" covered="0"/></method><method name="MainAppScaffold$lambda$63$lambda$62$lambda$57$lambda$56$lambda$48$lambda$47" desc="(Landroid/content/Context;Landroidx/compose/runtime/MutableState;Ljava/lang/Exception;)Lkotlin/Unit;" line="245"><counter type="INSTRUCTION" missed="14" covered="0"/><counter type="LINE" missed="3" covered="0"/><counter type="COMPLEXITY" missed="1" covered="0"/><counter type="METHOD" missed="1" covered="0"/></method><method name="MainAppScaffold$lambda$63$lambda$62$lambda$57$lambda$56$lambda$48" desc="(Landroidx/compose/runtime/MutableState;Landroid/content/Context;Landroidx/compose/runtime/MutableState;Ljava/lang/String;)Lkotlin/Unit;" line="235"><counter type="INSTRUCTION" missed="32" covered="0"/><counter type="LINE" missed="4" covered="0"/><counter type="COMPLEXITY" missed="1" covered="0"/><counter type="METHOD" missed="1" covered="0"/></method><method name="MainAppScaffold$lambda$63$lambda$62$lambda$57$lambda$56$lambda$49" desc="(Landroid/content/Context;Landroidx/compose/runtime/MutableState;Ljava/lang/Exception;)Lkotlin/Unit;" line="251"><counter type="INSTRUCTION" missed="26" covered="0"/><counter type="BRANCH" missed="2" covered="0"/><counter type="LINE" missed="5" covered="0"/><counter type="COMPLEXITY" missed="2" covered="0"/><counter type="METHOD" missed="1" covered="0"/></method><method name="MainAppScaffold$lambda$63$lambda$62$lambda$57$lambda$56$lambda$52$lambda$50" desc="(Landroid/content/Context;Landroidx/compose/runtime/MutableState;)Lkotlin/Unit;" line="264"><counter type="INSTRUCTION" missed="11" covered="0"/><counter type="LINE" missed="3" covered="0"/><counter type="COMPLEXITY" missed="1" covered="0"/><counter type="METHOD" missed="1" covered="0"/></method><method name="MainAppScaffold$lambda$63$lambda$62$lambda$57$lambda$56$lambda$52$lambda$51" desc="(Landroid/content/Context;Landroidx/compose/runtime/MutableState;Ljava/lang/Exception;)Lkotlin/Unit;" line="268"><counter type="INSTRUCTION" missed="14" covered="0"/><counter type="LINE" missed="3" covered="0"/><counter type="COMPLEXITY" missed="1" covered="0"/><counter type="METHOD" missed="1" covered="0"/></method><method name="MainAppScaffold$lambda$63$lambda$62$lambda$57$lambda$56$lambda$52" desc="(Landroidx/compose/runtime/MutableState;Landroid/content/Context;Landroidx/compose/runtime/MutableState;)Lkotlin/Unit;" line="261"><counter type="INSTRUCTION" missed="12" covered="0"/><counter type="LINE" missed="3" covered="0"/><counter type="COMPLEXITY" missed="1" covered="0"/><counter type="METHOD" missed="1" covered="0"/></method><method name="MainAppScaffold$lambda$63$lambda$62$lambda$57$lambda$56$lambda$53" desc="(Landroid/content/Context;Landroidx/compose/runtime/MutableState;Ljava/lang/Exception;)Lkotlin/Unit;" line="274"><counter type="INSTRUCTION" missed="14" covered="0"/><counter type="LINE" missed="3" covered="0"/><counter type="COMPLEXITY" missed="1" covered="0"/><counter type="METHOD" missed="1" covered="0"/></method><method name="MainAppScaffold$lambda$63$lambda$62$lambda$57$lambda$56$lambda$54" desc="(Landroid/content/Context;Landroidx/compose/runtime/MutableState;)Lkotlin/Unit;" line="283"><counter type="INSTRUCTION" missed="11" covered="0"/><counter type="LINE" missed="3" covered="0"/><counter type="COMPLEXITY" missed="1" covered="0"/><counter type="METHOD" missed="1" covered="0"/></method><method name="MainAppScaffold$lambda$63$lambda$62$lambda$57$lambda$56$lambda$55" desc="(Landroid/content/Context;Landroidx/compose/runtime/MutableState;Ljava/lang/Exception;)Lkotlin/Unit;" line="287"><counter type="INSTRUCTION" missed="14" covered="0"/><counter type="LINE" missed="3" covered="0"/><counter type="COMPLEXITY" missed="1" covered="0"/><counter type="METHOD" missed="1" covered="0"/></method><method name="MainAppScaffold$lambda$63$lambda$62$lambda$57$lambda$56" desc="(Landroid/content/Context;Landroidx/compose/runtime/MutableState;Landroidx/compose/runtime/MutableState;)Lkotlin/Unit;" line="208"><counter type="INSTRUCTION" missed="113" covered="0"/><counter type="BRANCH" missed="16" covered="0"/><counter type="LINE" missed="21" covered="0"/><counter type="COMPLEXITY" missed="9" covered="0"/><counter type="METHOD" missed="1" covered="0"/></method><method name="MainAppScaffold$lambda$63$lambda$62$lambda$61$lambda$60$lambda$58" desc="()Lkotlin/Unit;" line="301"><counter type="INSTRUCTION" missed="2" covered="0"/><counter type="LINE" missed="1" covered="0"/><counter type="COMPLEXITY" missed="1" covered="0"/><counter type="METHOD" missed="1" covered="0"/></method><method name="MainAppScaffold$lambda$63$lambda$62$lambda$61$lambda$60$lambda$59" desc="(Ljava/lang/Exception;)Lkotlin/Unit;" line="301"><counter type="INSTRUCTION" missed="5" covered="0"/><counter type="LINE" missed="1" covered="0"/><counter type="COMPLEXITY" missed="1" covered="0"/><counter type="METHOD" missed="1" covered="0"/></method><method name="MainAppScaffold$lambda$63$lambda$62$lambda$61$lambda$60" desc="(Landroidx/compose/runtime/MutableState;Lcom/yolojj333/heythere/models/PrivacySettings;)Lkotlin/Unit;" line="299"><counter type="INSTRUCTION" missed="28" covered="0"/><counter type="LINE" missed="4" covered="0"/><counter type="COMPLEXITY" missed="1" covered="0"/><counter type="METHOD" missed="1" covered="0"/></method><method name="MainAppScaffold$lambda$63" desc="(Lcom/google/maps/android/compose/CameraPositionState;Landroid/content/Context;Lkotlin/jvm/functions/Function0;Landroidx/compose/runtime/MutableState;Landroidx/compose/runtime/MutableState;Landroidx/compose/runtime/MutableState;Landroidx/compose/runtime/MutableState;Landroidx/compose/foundation/layout/PaddingValues;Landroidx/compose/runtime/Composer;I)Lkotlin/Unit;" line="182"><counter type="INSTRUCTION" missed="320" covered="0"/><counter type="BRANCH" missed="25" covered="0"/><counter type="LINE" missed="24" covered="0"/><counter type="COMPLEXITY" missed="15" covered="0"/><counter type="METHOD" missed="1" covered="0"/></method><method name="LocationPermissionScreen$lambda$66" desc="(Landroidx/compose/runtime/MutableState;)Z" line="317"><counter type="INSTRUCTION" missed="10" covered="0"/><counter type="LINE" missed="1" covered="0"/><counter type="COMPLEXITY" missed="1" covered="0"/><counter type="METHOD" missed="1" covered="0"/></method><method name="LocationPermissionScreen$lambda$67" desc="(Landroidx/compose/runtime/MutableState;Z)V" line="317"><counter type="INSTRUCTION" missed="12" covered="0"/><counter type="LINE" missed="1" covered="0"/><counter type="COMPLEXITY" missed="1" covered="0"/><counter type="METHOD" missed="1" covered="0"/></method><method name="LocationPermissionScreen$lambda$69$lambda$68" desc="(Landroidx/compose/runtime/MutableState;Ljava/util/Map;)Lkotlin/Unit;" line="322"><counter type="INSTRUCTION" missed="24" covered="0"/><counter type="BRANCH" missed="4" covered="0"/><counter type="LINE" missed="3" covered="0"/><counter type="COMPLEXITY" missed="3" covered="0"/><counter type="METHOD" missed="1" covered="0"/></method><method name="BeaconMapScreen$lambda$75" desc="(Landroidx/compose/runtime/MutableState;)Lcom/google/maps/android/compose/MapType;" line="363"><counter type="INSTRUCTION" missed="10" covered="0"/><counter type="LINE" missed="1" covered="0"/><counter type="COMPLEXITY" missed="1" covered="0"/><counter type="METHOD" missed="1" covered="0"/></method><method name="BeaconMapScreen$lambda$76" desc="(Landroidx/compose/runtime/MutableState;Lcom/google/maps/android/compose/MapType;)V" line="363"><counter type="INSTRUCTION" missed="11" covered="0"/><counter type="LINE" missed="1" covered="0"/><counter type="COMPLEXITY" missed="1" covered="0"/><counter type="METHOD" missed="1" covered="0"/></method><method name="BeaconMapScreen$lambda$78" desc="(Landroidx/compose/runtime/MutableState;)J" line="364"><counter type="INSTRUCTION" missed="10" covered="0"/><counter type="LINE" missed="1" covered="0"/><counter type="COMPLEXITY" missed="1" covered="0"/><counter type="METHOD" missed="1" covered="0"/></method><method name="BeaconMapScreen$lambda$79" desc="(Landroidx/compose/runtime/MutableState;J)V" line="364"><counter type="INSTRUCTION" missed="12" covered="0"/><counter type="LINE" missed="1" covered="0"/><counter type="COMPLEXITY" missed="1" covered="0"/><counter type="METHOD" missed="1" covered="0"/></method><method name="BeaconMapScreen$lambda$81" desc="(Landroidx/compose/runtime/MutableState;)Lcom/google/android/gms/maps/model/LatLng;" line="366"><counter type="INSTRUCTION" missed="10" covered="0"/><counter type="LINE" missed="1" covered="0"/><counter type="COMPLEXITY" missed="1" covered="0"/><counter type="METHOD" missed="1" covered="0"/></method><method name="BeaconMapScreen$lambda$82" desc="(Landroidx/compose/runtime/MutableState;Lcom/google/android/gms/maps/model/LatLng;)V" line="366"><counter type="INSTRUCTION" missed="11" covered="0"/><counter type="LINE" missed="1" covered="0"/><counter type="COMPLEXITY" missed="1" covered="0"/><counter type="METHOD" missed="1" covered="0"/></method><method name="BeaconMapScreen$lambda$84" desc="(Landroidx/compose/runtime/MutableFloatState;)F" line="368"><counter type="INSTRUCTION" missed="10" covered="0"/><counter type="LINE" missed="1" covered="0"/><counter type="COMPLEXITY" missed="1" covered="0"/><counter type="METHOD" missed="1" covered="0"/></method><method name="BeaconMapScreen$lambda$85" desc="(Landroidx/compose/runtime/MutableFloatState;F)V" line="368"><counter type="INSTRUCTION" missed="11" covered="0"/><counter type="LINE" missed="1" covered="0"/><counter type="COMPLEXITY" missed="1" covered="0"/><counter type="METHOD" missed="1" covered="0"/></method><method name="BeaconMapScreen$lambda$87" desc="(Landroidx/compose/runtime/MutableState;)Z" line="369"><counter type="INSTRUCTION" missed="10" covered="0"/><counter type="LINE" missed="1" covered="0"/><counter type="COMPLEXITY" missed="1" covered="0"/><counter type="METHOD" missed="1" covered="0"/></method><method name="BeaconMapScreen$lambda$88" desc="(Landroidx/compose/runtime/MutableState;Z)V" line="369"><counter type="INSTRUCTION" missed="12" covered="0"/><counter type="LINE" missed="1" covered="0"/><counter type="COMPLEXITY" missed="1" covered="0"/><counter type="METHOD" missed="1" covered="0"/></method><method name="BeaconMapScreen$lambda$90" desc="(Landroidx/compose/runtime/MutableState;)Ljava/lang/String;" line="371"><counter type="INSTRUCTION" missed="10" covered="0"/><counter type="LINE" missed="1" covered="0"/><counter type="COMPLEXITY" missed="1" covered="0"/><counter type="METHOD" missed="1" covered="0"/></method><method name="BeaconMapScreen$lambda$91" desc="(Landroidx/compose/runtime/MutableState;Ljava/lang/String;)V" line="371"><counter type="INSTRUCTION" missed="11" covered="0"/><counter type="LINE" missed="1" covered="0"/><counter type="COMPLEXITY" missed="1" covered="0"/><counter type="METHOD" missed="1" covered="0"/></method><method name="BeaconMapScreen$lambda$95$lambda$94" desc="(ZLcom/google/android/gms/location/FusedLocationProviderClient;Landroid/content/SharedPreferences;Lcom/yolojj333/heythere/models/User;Landroid/content/Context;Lkotlin/jvm/functions/Function1;Landroidx/compose/runtime/MutableState;Landroidx/compose/runtime/DisposableEffectScope;)Landroidx/compose/runtime/DisposableEffectResult;" line="388"><counter type="INSTRUCTION" missed="36" covered="0"/><counter type="BRANCH" missed="2" covered="0"/><counter type="LINE" missed="7" covered="0"/><counter type="COMPLEXITY" missed="2" covered="0"/><counter type="METHOD" missed="1" covered="0"/></method><method name="BeaconMapScreen$lambda$103$lambda$101" desc="(Lcom/yolojj333/heythere/models/User;Landroidx/compose/runtime/MutableState;Lkotlin/Pair;Lkotlin/Pair;)I" line="475"><counter type="INSTRUCTION" missed="56" covered="0"/><counter type="BRANCH" missed="4" covered="0"/><counter type="LINE" missed="7" covered="0"/><counter type="COMPLEXITY" missed="3" covered="0"/><counter type="METHOD" missed="1" covered="0"/></method><method name="BeaconMapScreen$lambda$103$lambda$102" desc="(Lkotlin/jvm/functions/Function2;Ljava/lang/Object;Ljava/lang/Object;)I" line="474"><counter type="INSTRUCTION" missed="7" covered="0"/><counter type="LINE" missed="1" covered="0"/><counter type="COMPLEXITY" missed="1" covered="0"/><counter type="METHOD" missed="1" covered="0"/></method><method name="BeaconMapScreen$lambda$119$lambda$118$lambda$106$lambda$105$lambda$104" desc="(Landroidx/compose/runtime/MutableFloatState;F)Lkotlin/Unit;" line="501"><counter type="INSTRUCTION" missed="5" covered="0"/><counter type="LINE" missed="1" covered="0"/><counter type="COMPLEXITY" missed="1" covered="0"/><counter type="METHOD" missed="1" covered="0"/></method><method name="BeaconMapScreen$lambda$119$lambda$118$lambda$111$lambda$108$lambda$107" desc="(Landroidx/compose/runtime/MutableState;)Lkotlin/Unit;" line="511"><counter type="INSTRUCTION" missed="5" covered="0"/><counter type="LINE" missed="1" covered="0"/><counter type="COMPLEXITY" missed="1" covered="0"/><counter type="METHOD" missed="1" covered="0"/></method><method name="BeaconMapScreen$lambda$119$lambda$118$lambda$111$lambda$110$lambda$109" desc="(Landroidx/compose/runtime/MutableState;)Lkotlin/Unit;" line="517"><counter type="INSTRUCTION" missed="5" covered="0"/><counter type="LINE" missed="1" covered="0"/><counter type="COMPLEXITY" missed="1" covered="0"/><counter type="METHOD" missed="1" covered="0"/></method><method name="BeaconMapScreen$lambda$119$lambda$118$lambda$117$lambda$116$lambda$115" desc="(Ljava/util/List;Lcom/yolojj333/heythere/models/User;Landroidx/compose/foundation/lazy/LazyItemScope;ILandroidx/compose/runtime/Composer;I)Lkotlin/Unit;" line="530"><counter type="INSTRUCTION" missed="415" covered="0"/><counter type="BRANCH" missed="24" covered="0"/><counter type="LINE" missed="30" covered="0"/><counter type="COMPLEXITY" missed="13" covered="0"/><counter type="METHOD" missed="1" covered="0"/></method><method name="BeaconMapScreen$lambda$119$lambda$118$lambda$117$lambda$116" desc="(Ljava/util/List;Lcom/yolojj333/heythere/models/User;Landroidx/compose/foundation/lazy/LazyListScope;)Lkotlin/Unit;" line="530"><counter type="INSTRUCTION" missed="20" covered="0"/><counter type="LINE" missed="2" covered="0"/><counter type="COMPLEXITY" missed="1" covered="0"/><counter type="METHOD" missed="1" covered="0"/></method><method name="BeaconMapScreen$lambda$119" desc="(Ljava/util/List;Lcom/yolojj333/heythere/models/User;Landroidx/compose/runtime/MutableFloatState;Landroidx/compose/runtime/MutableState;Landroidx/compose/foundation/layout/ColumnScope;Landroidx/compose/runtime/Composer;I)Lkotlin/Unit;" line="493"><counter type="INSTRUCTION" missed="504" covered="0"/><counter type="BRANCH" missed="10" covered="0"/><counter type="LINE" missed="30" covered="0"/><counter type="COMPLEXITY" missed="6" covered="0"/><counter type="METHOD" missed="1" covered="0"/></method><method name="BeaconMapScreen$lambda$142$lambda$141$lambda$121$lambda$120" desc="(Landroidx/compose/runtime/MutableState;Lcom/google/android/gms/maps/model/LatLng;)Lkotlin/Unit;" line="580"><counter type="INSTRUCTION" missed="8" covered="0"/><counter type="LINE" missed="1" covered="0"/><counter type="COMPLEXITY" missed="1" covered="0"/><counter type="METHOD" missed="1" covered="0"/></method><method name="BeaconMapScreen$lambda$142$lambda$141$lambda$138$lambda$137$lambda$123" desc="(Landroidx/compose/runtime/MutableState;)Landroidx/compose/ui/graphics/ImageBitmap;" line="590"><counter type="INSTRUCTION" missed="10" covered="0"/><counter type="LINE" missed="1" covered="0"/><counter type="COMPLEXITY" missed="1" covered="0"/><counter type="METHOD" missed="1" covered="0"/></method><method name="BeaconMapScreen$lambda$142$lambda$141$lambda$138$lambda$137$lambda$124" desc="(Landroidx/compose/runtime/MutableState;Landroidx/compose/ui/graphics/ImageBitmap;)V" line="590"><counter type="INSTRUCTION" missed="11" covered="0"/><counter type="LINE" missed="1" covered="0"/><counter type="COMPLEXITY" missed="1" covered="0"/><counter type="METHOD" missed="1" covered="0"/></method><method name="BeaconMapScreen$lambda$142$lambda$141$lambda$138$lambda$137$lambda$126" desc="(Landroidx/compose/runtime/MutableState;)Lcom/google/android/gms/maps/model/BitmapDescriptor;" line="591"><counter type="INSTRUCTION" missed="10" covered="0"/><counter type="LINE" missed="1" covered="0"/><counter type="COMPLEXITY" missed="1" covered="0"/><counter type="METHOD" missed="1" covered="0"/></method><method name="BeaconMapScreen$lambda$142$lambda$141$lambda$138$lambda$137$lambda$127" desc="(Landroidx/compose/runtime/MutableState;Lcom/google/android/gms/maps/model/BitmapDescriptor;)V" line="591"><counter type="INSTRUCTION" missed="11" covered="0"/><counter type="LINE" missed="1" covered="0"/><counter type="COMPLEXITY" missed="1" covered="0"/><counter type="METHOD" missed="1" covered="0"/></method><method name="BeaconMapScreen$lambda$142$lambda$141$lambda$138$lambda$137$lambda$130$lambda$129" desc="(Lcom/yolojj333/heythere/models/User;Landroidx/compose/runtime/MutableState;Lcom/google/android/gms/maps/model/Marker;)Z" line="629"><counter type="INSTRUCTION" missed="9" covered="0"/><counter type="LINE" missed="2" covered="0"/><counter type="COMPLEXITY" missed="1" covered="0"/><counter type="METHOD" missed="1" covered="0"/></method><method name="BeaconMapScreen$lambda$142$lambda$141$lambda$138$lambda$137$lambda$132$lambda$131" desc="(Lcom/yolojj333/heythere/models/User;Landroidx/compose/runtime/MutableState;Lcom/google/android/gms/maps/model/Marker;)Lkotlin/Unit;" line="633"><counter type="INSTRUCTION" missed="14" covered="0"/><counter type="BRANCH" missed="2" covered="0"/><counter type="LINE" missed="2" covered="0"/><counter type="COMPLEXITY" missed="2" covered="0"/><counter type="METHOD" missed="1" covered="0"/></method><method name="BeaconMapScreen$lambda$142$lambda$141$lambda$138$lambda$137$lambda$136" desc="(Lcom/yolojj333/heythere/models/User;Lcom/yolojj333/heythere/models/User;Landroidx/compose/runtime/MutableState;Lcom/google/android/gms/maps/model/Marker;Landroidx/compose/runtime/Composer;I)Lkotlin/Unit;" line="636"><counter type="INSTRUCTION" missed="336" covered="0"/><counter type="BRANCH" missed="10" covered="0"/><counter type="LINE" missed="27" covered="0"/><counter type="COMPLEXITY" missed="6" covered="0"/><counter type="METHOD" missed="1" covered="0"/></method><method name="BeaconMapScreen$lambda$142$lambda$141$lambda$138" desc="(Ljava/util/List;Lcom/yolojj333/heythere/models/User;Landroid/content/Context;Landroidx/compose/runtime/MutableState;Landroidx/compose/runtime/Composer;I)Lkotlin/Unit;" line="581"><counter type="INSTRUCTION" missed="408" covered="0"/><counter type="BRANCH" missed="28" covered="0"/><counter type="LINE" missed="28" covered="0"/><counter type="COMPLEXITY" missed="15" covered="0"/><counter type="METHOD" missed="1" covered="0"/></method><method name="BeaconMapScreen$lambda$142$lambda$141$lambda$140$lambda$139" desc="(Landroidx/compose/runtime/MutableState;)Lkotlin/Unit;" line="687"><counter type="INSTRUCTION" missed="11" covered="0"/><counter type="BRANCH" missed="2" covered="0"/><counter type="LINE" missed="1" covered="0"/><counter type="COMPLEXITY" missed="2" covered="0"/><counter type="METHOD" missed="1" covered="0"/></method><method name="BeaconMapScreen$lambda$142" desc="(Lcom/google/maps/android/compose/CameraPositionState;Lcom/google/maps/android/compose/MapProperties;Lcom/google/maps/android/compose/MapUiSettings;Landroidx/compose/runtime/MutableState;Ljava/util/List;Lcom/yolojj333/heythere/models/User;Landroid/content/Context;Landroidx/compose/runtime/MutableState;Landroidx/compose/foundation/layout/PaddingValues;Landroidx/compose/runtime/Composer;I)Lkotlin/Unit;" line="573"><counter type="INSTRUCTION" missed="194" covered="0"/><counter type="BRANCH" missed="10" covered="0"/><counter type="LINE" missed="16" covered="0"/><counter type="COMPLEXITY" missed="6" covered="0"/><counter type="METHOD" missed="1" covered="0"/></method><counter type="INSTRUCTION" missed="5165" covered="0"/><counter type="BRANCH" missed="311" covered="0"/><counter type="LINE" missed="375" covered="0"/><counter type="COMPLEXITY" missed="237" covered="0"/><counter type="METHOD" missed="80" covered="0"/><counter type="CLASS" missed="1" covered="0"/></class><class name="com/yolojj333/heythere/MainActivityKt$LocationPermissionScreen$1$1" sourcefilename="MainActivity.kt"><method name="invokeSuspend" desc="(Ljava/lang/Object;)Ljava/lang/Object;" line="326"><counter type="INSTRUCTION" missed="45" covered="0"/><counter type="BRANCH" missed="4" covered="0"/><counter type="LINE" missed="7" covered="0"/><counter type="COMPLEXITY" missed="3" covered="0"/><counter type="METHOD" missed="1" covered="0"/></method><counter type="INSTRUCTION" missed="45" covered="0"/><counter type="BRANCH" missed="4" covered="0"/><counter type="LINE" missed="7" covered="0"/><counter type="COMPLEXITY" missed="3" covered="0"/><counter type="METHOD" missed="1" covered="0"/><counter type="CLASS" missed="1" covered="0"/></class><class name="com/yolojj333/heythere/MainActivityKt$BeaconMapScreen$1$1" sourcefilename="MainActivity.kt"><method name="invokeSuspend" desc="(Ljava/lang/Object;)Ljava/lang/Object;" line="381"><counter type="INSTRUCTION" missed="14" covered="0"/><counter type="LINE" missed="3" covered="0"/><counter type="COMPLEXITY" missed="1" covered="0"/><counter type="METHOD" missed="1" covered="0"/></method><counter type="INSTRUCTION" missed="14" covered="0"/><counter type="LINE" missed="3" covered="0"/><counter type="COMPLEXITY" missed="1" covered="0"/><counter type="METHOD" missed="1" covered="0"/><counter type="CLASS" missed="1" covered="0"/></class><class name="com/yolojj333/heythere/MainActivityKt$BeaconMapScreen$4$1$2$1$1$1" sourcefilename="MainActivity.kt"><method name="invokeSuspend" desc="(Ljava/lang/Object;)Ljava/lang/Object;" line="596"><counter type="INSTRUCTION" missed="95" covered="0"/><counter type="BRANCH" missed="12" covered="0"/><counter type="LINE" missed="18" covered="0"/><counter type="COMPLEXITY" missed="7" covered="0"/><counter type="METHOD" missed="1" covered="0"/></method><counter type="INSTRUCTION" missed="95" covered="0"/><counter type="BRANCH" missed="12" covered="0"/><counter type="LINE" missed="18" covered="0"/><counter type="COMPLEXITY" missed="7" covered="0"/><counter type="METHOD" missed="1" covered="0"/><counter type="CLASS" missed="1" covered="0"/></class><class name="com/yolojj333/heythere/MainActivityKt$BeaconMapScreen$lambda$95$lambda$94$$inlined$onDispose$1" sourcefilename="Effects.kt"><method name="&lt;init&gt;" desc="(Lcom/google/android/gms/location/FusedLocationProviderClient;Lcom/yolojj333/heythere/MainActivityKt$BeaconMapScreen$2$1$locationCallback$1;)V" line="64"><counter type="INSTRUCTION" missed="9" covered="0"/><counter type="LINE" missed="1" covered="0"/><counter type="COMPLEXITY" missed="1" covered="0"/><counter type="METHOD" missed="1" covered="0"/></method><method name="dispose" desc="()V" line="66"><counter type="INSTRUCTION" missed="4" covered="0"/><counter type="LINE" missed="2" covered="0"/><counter type="COMPLEXITY" missed="1" covered="0"/><counter type="METHOD" missed="1" covered="0"/></method><counter type="INSTRUCTION" missed="13" covered="0"/><counter type="LINE" missed="3" covered="0"/><counter type="COMPLEXITY" missed="2" covered="0"/><counter type="METHOD" missed="2" covered="0"/><counter type="CLASS" missed="1" covered="0"/></class><sourcefile name="Effects.kt"><line nr="64" mi="3" ci="0" mb="0" cb="0"/><line nr="66" mi="3" ci="0" mb="0" cb="0"/><line nr="67" mi="1" ci="0" mb="0" cb="0"/><counter type="INSTRUCTION" missed="13" covered="0"/><counter type="LINE" missed="3" covered="0"/><counter type="COMPLEXITY" missed="2" covered="0"/><counter type="METHOD" missed="2" covered="0"/><counter type="CLASS" missed="1" covered="0"/></sourcefile><sourcefile name="CameraPositionState.kt"><line nr="52" mi="14" ci="0" mb="0" cb="0"/><counter type="INSTRUCTION" missed="14" covered="0"/><counter type="LINE" missed="1" covered="0"/><counter type="COMPLEXITY" missed="1" covered="0"/><counter type="METHOD" missed="1" covered="0"/><counter type="CLASS" missed="1" covered="0"/></sourcefile><sourcefile name="MainActivity.kt"><line nr="58" mi="3" ci="0" mb="0" cb="0"/><line nr="60" mi="2" ci="0" mb="0" cb="0"/><line nr="61" mi="16" ci="0" mb="0" cb="0"/><line nr="62" mi="13" ci="0" mb="2" cb="0"/><line nr="63" mi="5" ci="0" mb="2" cb="0"/><line nr="64" mi="7" ci="0" mb="0" cb="0"/><line nr="65" mi="15" ci="0" mb="0" cb="0"/><line nr="66" mi="8" ci="0" mb="0" cb="0"/><line nr="67" mi="5" ci="0" mb="2" cb="0"/><line nr="68" mi="2" ci="0" mb="0" cb="0"/><line nr="69" mi="2" ci="0" mb="0" cb="0"/><line nr="70" mi="2" ci="0" mb="0" cb="0"/><line nr="71" mi="1" ci="0" mb="0" cb="0"/><line nr="74" mi="2" ci="0" mb="0" cb="0"/><line nr="75" mi="19" ci="0" mb="6" cb="0"/><line nr="76" mi="15" ci="0" mb="0" cb="0"/><line nr="77" mi="42" ci="0" mb="2" cb="0"/><line nr="79" mi="24" ci="0" mb="2" cb="0"/><line nr="80" mi="14" ci="0" mb="0" cb="0"/><line nr="81" mi="2" ci="0" mb="0" cb="0"/><line nr="82" mi="3" ci="0" mb="0" cb="0"/><line nr="83" mi="2" ci="0" mb="0" cb="0"/><line nr="84" mi="22" ci="0" mb="2" cb="0"/><line nr="85" mi="13" ci="0" mb="0" cb="0"/><line nr="86" mi="3" ci="0" mb="0" cb="0"/><line nr="87" mi="2" ci="0" mb="0" cb="0"/><line nr="89" mi="10" ci="0" mb="2" cb="0"/><line nr="91" mi="2" ci="0" mb="0" cb="0"/><line nr="92" mi="38" ci="0" mb="10" cb="0"/><line nr="93" mi="14" ci="0" mb="0" cb="0"/><line nr="94" mi="15" ci="0" mb="0" cb="0"/><line nr="95" mi="23" ci="0" mb="0" cb="0"/><line nr="97" mi="45" ci="0" mb="0" cb="0"/><line nr="98" mi="58" ci="0" mb="0" cb="0"/><line nr="99" mi="47" ci="0" mb="0" cb="0"/><line nr="100" mi="45" ci="0" mb="0" cb="0"/><line nr="102" mi="37" ci="0" mb="0" cb="0"/><line nr="104" mi="56" ci="0" mb="4" cb="0"/><line nr="105" mi="10" ci="0" mb="2" cb="0"/><line nr="106" mi="2" ci="0" mb="2" cb="0"/><line nr="107" mi="16" ci="0" mb="0" cb="0"/><line nr="108" mi="1" ci="0" mb="0" cb="0"/><line nr="110" mi="2" ci="0" mb="2" cb="0"/><line nr="111" mi="4" ci="0" mb="0" cb="0"/><line nr="113" mi="16" ci="0" mb="0" cb="0"/><line nr="115" mi="3" ci="0" mb="0" cb="0"/><line nr="116" mi="2" ci="0" mb="0" cb="0"/><line nr="118" mi="6" ci="0" mb="0" cb="0"/><line nr="119" mi="16" ci="0" mb="0" cb="0"/><line nr="120" mi="3" ci="0" mb="0" cb="0"/><line nr="121" mi="2" ci="0" mb="0" cb="0"/><line nr="124" mi="2" ci="0" mb="0" cb="0"/><line nr="126" mi="40" ci="0" mb="2" cb="0"/><line nr="127" mi="6" ci="0" mb="0" cb="0"/><line nr="128" mi="5" ci="0" mb="0" cb="0"/><line nr="129" mi="2" ci="0" mb="0" cb="0"/><line nr="131" mi="2" ci="0" mb="0" cb="0"/><line nr="133" mi="9" ci="0" mb="2" cb="0"/><line nr="134" mi="22" ci="0" mb="0" cb="0"/><line nr="135" mi="12" ci="0" mb="0" cb="0"/><line nr="136" mi="1" ci="0" mb="0" cb="0"/><line nr="137" mi="6" ci="0" mb="0" cb="0"/><line nr="140" mi="6" ci="0" mb="0" cb="0"/><line nr="141" mi="6" ci="0" mb="0" cb="0"/><line nr="143" mi="15" ci="0" mb="4" cb="0"/><line nr="144" mi="15" ci="0" mb="4" cb="0"/><line nr="146" mi="6" ci="0" mb="0" cb="0"/><line nr="147" mi="20" ci="0" mb="8" cb="0"/><line nr="149" mi="20" ci="0" mb="0" cb="0"/><line nr="150" mi="8" ci="0" mb="0" cb="0"/><line nr="151" mi="2" ci="0" mb="0" cb="0"/><line nr="153" mi="5" ci="0" mb="2" cb="0"/><line nr="154" mi="15" ci="0" mb="0" cb="0"/><line nr="155" mi="16" ci="0" mb="2" cb="0"/><line nr="156" mi="2" ci="0" mb="0" cb="0"/><line nr="157" mi="23" ci="0" mb="2" cb="0"/><line nr="158" mi="36" ci="0" mb="2" cb="0"/><line nr="159" mi="16" ci="0" mb="0" cb="0"/><line nr="160" mi="35" ci="0" mb="0" cb="0"/><line nr="162" mi="2" ci="0" mb="0" cb="0"/><line nr="163" mi="23" ci="0" mb="2" cb="0"/><line nr="164" mi="36" ci="0" mb="2" cb="0"/><line nr="165" mi="16" ci="0" mb="0" cb="0"/><line nr="166" mi="35" ci="0" mb="0" cb="0"/><line nr="168" mi="2" ci="0" mb="0" cb="0"/><line nr="169" mi="23" ci="0" mb="2" cb="0"/><line nr="170" mi="36" ci="0" mb="2" cb="0"/><line nr="171" mi="16" ci="0" mb="0" cb="0"/><line nr="172" mi="35" ci="0" mb="0" cb="0"/><line nr="174" mi="6" ci="0" mb="2" cb="0"/><line nr="175" mi="23" ci="0" mb="2" cb="0"/><line nr="176" mi="36" ci="0" mb="2" cb="0"/><line nr="177" mi="16" ci="0" mb="0" cb="0"/><line nr="178" mi="35" ci="0" mb="0" cb="0"/><line nr="180" mi="2" ci="0" mb="0" cb="0"/><line nr="181" mi="2" ci="0" mb="0" cb="0"/><line nr="182" mi="17" ci="0" mb="0" cb="0"/><line nr="183" mi="17" ci="0" mb="0" cb="0"/><line nr="184" mi="27" ci="0" mb="13" cb="0"/><line nr="185" mi="10" ci="0" mb="0" cb="0"/><line nr="186" mi="2" ci="0" mb="0" cb="0"/><line nr="187" mi="1" ci="0" mb="0" cb="0"/><line nr="188" mi="12" ci="0" mb="0" cb="0"/><line nr="189" mi="23" ci="0" mb="0" cb="0"/><line nr="190" mi="3" ci="0" mb="0" cb="0"/><line nr="191" mi="9" ci="0" mb="0" cb="0"/><line nr="192" mi="2" ci="0" mb="0" cb="0"/><line nr="195" mi="12" ci="0" mb="0" cb="0"/><line nr="197" mi="9" ci="0" mb="0" cb="0"/><line nr="198" mi="17" ci="0" mb="2" cb="0"/><line nr="199" mi="32" ci="0" mb="0" cb="0"/><line nr="200" mi="12" ci="0" mb="0" cb="0"/><line nr="201" mi="1" ci="0" mb="0" cb="0"/><line nr="204" mi="1" ci="0" mb="0" cb="0"/><line nr="205" mi="12" ci="0" mb="0" cb="0"/><line nr="206" mi="29" ci="0" mb="0" cb="0"/><line nr="207" mi="20" ci="0" mb="0" cb="0"/><line nr="208" mi="5" ci="0" mb="2" cb="0"/><line nr="209" mi="3" ci="0" mb="0" cb="0"/><line nr="211" mi="6" ci="0" mb="0" cb="0"/><line nr="213" mi="9" ci="0" mb="4" cb="0"/><line nr="214" mi="3" ci="0" mb="0" cb="0"/><line nr="217" mi="3" ci="0" mb="0" cb="0"/><line nr="218" mi="13" ci="0" mb="2" cb="0"/><line nr="219" mi="1" ci="0" mb="0" cb="0"/><line nr="220" mi="2" ci="0" mb="0" cb="0"/><line nr="223" mi="4" ci="0" mb="2" cb="0"/><line nr="224" mi="3" ci="0" mb="0" cb="0"/><line nr="225" mi="6" ci="0" mb="0" cb="0"/><line nr="226" mi="2" ci="0" mb="0" cb="0"/><line nr="229" mi="6" ci="0" mb="0" cb="0"/><line nr="231" mi="10" ci="0" mb="0" cb="0"/><line nr="232" mi="3" ci="0" mb="0" cb="0"/><line nr="235" mi="16" ci="0" mb="0" cb="0"/><line nr="237" mi="10" ci="0" mb="0" cb="0"/><line nr="238" mi="1" ci="0" mb="0" cb="0"/><line nr="240" mi="3" ci="0" mb="0" cb="0"/><line nr="241" mi="3" ci="0" mb="0" cb="0"/><line nr="242" mi="6" ci="0" mb="0" cb="0"/><line nr="243" mi="2" ci="0" mb="0" cb="0"/><line nr="245" mi="3" ci="0" mb="0" cb="0"/><line nr="246" mi="6" ci="0" mb="0" cb="0"/><line nr="247" mi="2" ci="0" mb="0" cb="0"/><line nr="249" mi="2" ci="0" mb="0" cb="0"/><line nr="251" mi="3" ci="0" mb="0" cb="0"/><line nr="252" mi="7" ci="0" mb="2" cb="0"/><line nr="253" mi="5" ci="0" mb="0" cb="0"/><line nr="254" mi="6" ci="0" mb="0" cb="0"/><line nr="255" mi="2" ci="0" mb="0" cb="0"/><line nr="257" mi="12" ci="0" mb="6" cb="0"/><line nr="259" mi="10" ci="0" mb="0" cb="0"/><line nr="261" mi="8" ci="0" mb="0" cb="0"/><line nr="262" mi="2" ci="0" mb="0" cb="0"/><line nr="264" mi="3" ci="0" mb="0" cb="0"/><line nr="265" mi="6" ci="0" mb="0" cb="0"/><line nr="266" mi="2" ci="0" mb="0" cb="0"/><line nr="268" mi="3" ci="0" mb="0" cb="0"/><line nr="269" mi="6" ci="0" mb="0" cb="0"/><line nr="270" mi="2" ci="0" mb="0" cb="0"/><line nr="272" mi="2" ci="0" mb="0" cb="0"/><line nr="274" mi="3" ci="0" mb="0" cb="0"/><line nr="275" mi="6" ci="0" mb="0" cb="0"/><line nr="276" mi="2" ci="0" mb="0" cb="0"/><line nr="280" mi="8" ci="0" mb="0" cb="0"/><line nr="281" mi="2" ci="0" mb="0" cb="0"/><line nr="283" mi="3" ci="0" mb="0" cb="0"/><line nr="284" mi="6" ci="0" mb="0" cb="0"/><line nr="285" mi="2" ci="0" mb="0" cb="0"/><line nr="287" mi="3" ci="0" mb="0" cb="0"/><line nr="288" mi="6" ci="0" mb="0" cb="0"/><line nr="289" mi="2" ci="0" mb="0" cb="0"/><line nr="292" mi="2" ci="0" mb="0" cb="0"/><line nr="296" mi="16" ci="0" mb="0" cb="0"/><line nr="297" mi="13" ci="0" mb="0" cb="0"/><line nr="298" mi="12" ci="0" mb="0" cb="0"/><line nr="299" mi="15" ci="0" mb="0" cb="0"/><line nr="300" mi="3" ci="0" mb="0" cb="0"/><line nr="301" mi="9" ci="0" mb="0" cb="0"/><line nr="302" mi="2" ci="0" mb="0" cb="0"/><line nr="303" mi="5" ci="0" mb="0" cb="0"/><line nr="306" mi="1" ci="0" mb="0" cb="0"/><line nr="307" mi="2" ci="0" mb="0" cb="0"/><line nr="308" mi="21" ci="0" mb="4" cb="0"/><line nr="310" mi="2" ci="0" mb="0" cb="0"/><line nr="316" mi="106" ci="0" mb="26" cb="0"/><line nr="317" mi="37" ci="0" mb="0" cb="0"/><line nr="319" mi="2" ci="0" mb="0" cb="0"/><line nr="320" mi="14" ci="0" mb="0" cb="0"/><line nr="321" mi="14" ci="0" mb="0" cb="0"/><line nr="322" mi="9" ci="0" mb="2" cb="0"/><line nr="323" mi="10" ci="0" mb="2" cb="0"/><line nr="324" mi="2" ci="0" mb="0" cb="0"/><line nr="326" mi="63" ci="0" mb="8" cb="0"/><line nr="327" mi="6" ci="0" mb="2" cb="0"/><line nr="329" mi="11" ci="0" mb="0" cb="0"/><line nr="330" mi="2" ci="0" mb="0" cb="0"/><line nr="334" mi="8" ci="0" mb="0" cb="0"/><line nr="337" mi="4" ci="0" mb="0" cb="0"/><line nr="338" mi="2" ci="0" mb="0" cb="0"/><line nr="340" mi="5" ci="0" mb="2" cb="0"/><line nr="341" mi="1" ci="0" mb="0" cb="0"/><line nr="342" mi="1" ci="0" mb="0" cb="0"/><line nr="343" mi="1" ci="0" mb="0" cb="0"/><line nr="344" mi="2" ci="0" mb="0" cb="0"/><line nr="345" mi="25" ci="0" mb="0" cb="0"/><line nr="347" mi="14" ci="0" mb="2" cb="0"/><line nr="349" mi="2" ci="0" mb="0" cb="0"/><line nr="358" mi="110" ci="0" mb="30" cb="0"/><line nr="359" mi="24" ci="0" mb="0" cb="0"/><line nr="360" mi="25" ci="0" mb="0" cb="0"/><line nr="361" mi="23" ci="0" mb="0" cb="0"/><line nr="363" mi="45" ci="0" mb="0" cb="0"/><line nr="364" mi="47" ci="0" mb="0" cb="0"/><line nr="366" mi="45" ci="0" mb="0" cb="0"/><line nr="368" mi="42" ci="0" mb="0" cb="0"/><line nr="369" mi="47" ci="0" mb="0" cb="0"/><line nr="371" mi="35" ci="0" mb="0" cb="0"/><line nr="373" mi="2" ci="0" mb="0" cb="0"/><line nr="374" mi="5" ci="0" mb="0" cb="0"/><line nr="375" mi="2" ci="0" mb="0" cb="0"/><line nr="376" mi="4" ci="0" mb="0" cb="0"/><line nr="380" mi="29" ci="0" mb="0" cb="0"/><line nr="381" mi="1" ci="0" mb="0" cb="0"/><line nr="382" mi="7" ci="0" mb="0" cb="0"/><line nr="383" mi="6" ci="0" mb="0" cb="0"/><line nr="387" mi="91" ci="0" mb="10" cb="0"/><line nr="388" mi="12" ci="0" mb="0" cb="0"/><line nr="390" mi="27" ci="0" mb="2" cb="0"/><line nr="391" mi="8" ci="0" mb="0" cb="0"/><line nr="392" mi="3" ci="0" mb="0" cb="0"/><line nr="394" mi="2" ci="0" mb="0" cb="0"/><line nr="395" mi="5" ci="0" mb="0" cb="0"/><line nr="396" mi="5" ci="0" mb="0" cb="0"/><line nr="397" mi="1" ci="0" mb="0" cb="0"/><line nr="399" mi="2" ci="0" mb="0" cb="0"/><line nr="400" mi="12" ci="0" mb="2" cb="0"/><line nr="401" mi="3" ci="0" mb="0" cb="0"/><line nr="402" mi="1" ci="0" mb="0" cb="0"/><line nr="403" mi="4" ci="0" mb="0" cb="0"/><line nr="404" mi="4" ci="0" mb="0" cb="0"/><line nr="405" mi="1" ci="0" mb="0" cb="0"/><line nr="407" mi="8" ci="0" mb="2" cb="0"/><line nr="408" mi="2" ci="0" mb="0" cb="0"/><line nr="409" mi="1" ci="0" mb="0" cb="0"/><line nr="413" mi="2" ci="0" mb="0" cb="0"/><line nr="414" mi="2" ci="0" mb="0" cb="0"/><line nr="416" mi="2" ci="0" mb="2" cb="0"/><line nr="417" mi="2" ci="0" mb="0" cb="0"/><line nr="418" mi="3" ci="0" mb="0" cb="0"/><line nr="420" mi="8" ci="0" mb="0" cb="0"/><line nr="421" mi="10" ci="0" mb="2" cb="0"/><line nr="422" mi="10" ci="0" mb="2" cb="0"/><line nr="425" mi="20" ci="0" mb="8" cb="0"/><line nr="426" mi="4" ci="0" mb="0" cb="0"/><line nr="427" mi="1" ci="0" mb="0" cb="0"/><line nr="428" mi="1" ci="0" mb="0" cb="0"/><line nr="429" mi="1" ci="0" mb="0" cb="0"/><line nr="431" mi="16" ci="0" mb="0" cb="0"/><line nr="433" mi="1" ci="0" mb="0" cb="0"/><line nr="434" mi="1" ci="0" mb="0" cb="0"/><line nr="437" mi="2" ci="0" mb="2" cb="0"/><line nr="438" mi="4" ci="0" mb="0" cb="0"/><line nr="439" mi="2" ci="0" mb="0" cb="0"/><line nr="440" mi="4" ci="0" mb="0" cb="0"/><line nr="441" mi="7" ci="0" mb="0" cb="0"/><line nr="443" mi="5" ci="0" mb="0" cb="0"/><line nr="446" mi="51" ci="0" mb="2" cb="0"/><line nr="447" mi="8" ci="0" mb="4" cb="0"/><line nr="449" mi="2" ci="0" mb="0" cb="0"/><line nr="450" mi="6" ci="0" mb="0" cb="0"/><line nr="451" mi="6" ci="0" mb="2" cb="0"/><line nr="452" mi="4" ci="0" mb="2" cb="0"/><line nr="453" mi="12" ci="0" mb="2" cb="0"/><line nr="455" mi="6" ci="0" mb="2" cb="0"/><line nr="456" mi="16" ci="0" mb="0" cb="0"/><line nr="457" mi="1" ci="0" mb="0" cb="0"/><line nr="460" mi="48" ci="0" mb="0" cb="0"/><line nr="461" mi="5" ci="0" mb="2" cb="0"/><line nr="463" mi="5" ci="0" mb="0" cb="0"/><line nr="464" mi="12" ci="0" mb="4" cb="0"/><line nr="466" mi="3" ci="0" mb="0" cb="0"/><line nr="467" mi="1" ci="0" mb="0" cb="0"/><line nr="468" mi="10" ci="0" mb="0" cb="0"/><line nr="469" mi="6" ci="0" mb="0" cb="0"/><line nr="470" mi="1" ci="0" mb="0" cb="0"/><line nr="472" mi="4" ci="0" mb="0" cb="0"/><line nr="473" mi="16" ci="0" mb="2" cb="0"/><line nr="474" mi="12" ci="0" mb="0" cb="0"/><line nr="475" mi="3" ci="0" mb="2" cb="0"/><line nr="476" mi="10" ci="0" mb="0" cb="0"/><line nr="478" mi="13" ci="0" mb="0" cb="0"/><line nr="479" mi="13" ci="0" mb="0" cb="0"/><line nr="480" mi="7" ci="0" mb="2" cb="0"/><line nr="481" mi="9" ci="0" mb="0" cb="0"/><line nr="482" mi="1" ci="0" mb="0" cb="0"/><line nr="483" mi="1" ci="0" mb="0" cb="0"/><line nr="486" mi="16" ci="0" mb="0" cb="0"/><line nr="487" mi="16" ci="0" mb="0" cb="0"/><line nr="489" mi="5" ci="0" mb="2" cb="0"/><line nr="490" mi="1" ci="0" mb="0" cb="0"/><line nr="491" mi="7" ci="0" mb="0" cb="0"/><line nr="492" mi="18" ci="0" mb="0" cb="0"/><line nr="493" mi="12" ci="0" mb="0" cb="0"/><line nr="494" mi="27" ci="0" mb="0" cb="0"/><line nr="495" mi="43" ci="0" mb="0" cb="0"/><line nr="497" mi="15" ci="0" mb="0" cb="0"/><line nr="498" mi="39" ci="0" mb="0" cb="0"/><line nr="499" mi="2" ci="0" mb="0" cb="0"/><line nr="500" mi="14" ci="0" mb="0" cb="0"/><line nr="501" mi="18" ci="0" mb="0" cb="0"/><line nr="502" mi="12" ci="0" mb="0" cb="0"/><line nr="503" mi="11" ci="0" mb="0" cb="0"/><line nr="505" mi="1" ci="0" mb="0" cb="0"/><line nr="507" mi="30" ci="0" mb="0" cb="0"/><line nr="508" mi="35" ci="0" mb="0" cb="0"/><line nr="509" mi="1" ci="0" mb="0" cb="0"/><line nr="510" mi="12" ci="0" mb="0" cb="0"/><line nr="511" mi="33" ci="0" mb="0" cb="0"/><line nr="512" mi="36" ci="0" mb="2" cb="0"/><line nr="514" mi="10" ci="0" mb="0" cb="0"/><line nr="515" mi="2" ci="0" mb="0" cb="0"/><line nr="516" mi="16" ci="0" mb="2" cb="0"/><line nr="517" mi="33" ci="0" mb="0" cb="0"/><line nr="518" mi="36" ci="0" mb="2" cb="0"/><line nr="520" mi="1" ci="0" mb="0" cb="0"/><line nr="522" mi="16" ci="0" mb="0" cb="0"/><line nr="524" mi="12" ci="0" mb="2" cb="0"/><line nr="525" mi="39" ci="0" mb="0" cb="0"/><line nr="526" mi="9" ci="0" mb="0" cb="0"/><line nr="527" mi="1" ci="0" mb="0" cb="0"/><line nr="528" mi="37" ci="0" mb="0" cb="0"/><line nr="529" mi="24" ci="0" mb="0" cb="0"/><line nr="530" mi="17" ci="0" mb="0" cb="0"/><line nr="531" mi="14" ci="0" mb="0" cb="0"/><line nr="532" mi="10" ci="0" mb="0" cb="0"/><line nr="533" mi="35" ci="0" mb="2" cb="0"/><line nr="535" mi="9" ci="0" mb="0" cb="0"/><line nr="536" mi="15" ci="0" mb="0" cb="0"/><line nr="537" mi="7" ci="0" mb="0" cb="0"/><line nr="539" mi="11" ci="0" mb="0" cb="0"/><line nr="540" mi="20" ci="0" mb="0" cb="0"/><line nr="541" mi="7" ci="0" mb="0" cb="0"/><line nr="543" mi="30" ci="0" mb="8" cb="0"/><line nr="544" mi="1" ci="0" mb="0" cb="0"/><line nr="545" mi="3" ci="0" mb="0" cb="0"/><line nr="546" mi="1" ci="0" mb="0" cb="0"/><line nr="547" mi="9" ci="0" mb="0" cb="0"/><line nr="548" mi="11" ci="0" mb="0" cb="0"/><line nr="550" mi="9" ci="0" mb="0" cb="0"/><line nr="551" mi="25" ci="0" mb="0" cb="0"/><line nr="553" mi="1" ci="0" mb="0" cb="0"/><line nr="555" mi="10" ci="0" mb="0" cb="0"/><line nr="557" mi="21" ci="0" mb="0" cb="0"/><line nr="558" mi="33" ci="0" mb="0" cb="0"/><line nr="559" mi="2" ci="0" mb="0" cb="0"/><line nr="560" mi="28" ci="0" mb="4" cb="0"/><line nr="561" mi="21" ci="0" mb="0" cb="0"/><line nr="562" mi="7" ci="0" mb="0" cb="0"/><line nr="564" mi="1" ci="0" mb="0" cb="0"/><line nr="566" mi="32" ci="0" mb="0" cb="0"/><line nr="567" mi="1" ci="0" mb="0" cb="0"/><line nr="568" mi="2" ci="0" mb="0" cb="0"/><line nr="569" mi="2" ci="0" mb="0" cb="0"/><line nr="571" mi="1" ci="0" mb="0" cb="0"/><line nr="572" mi="2" ci="0" mb="0" cb="0"/><line nr="573" mi="19" ci="0" mb="0" cb="0"/><line nr="574" mi="21" ci="0" mb="0" cb="0"/><line nr="575" mi="14" ci="0" mb="0" cb="0"/><line nr="576" mi="6" ci="0" mb="0" cb="0"/><line nr="577" mi="3" ci="0" mb="0" cb="0"/><line nr="578" mi="2" ci="0" mb="0" cb="0"/><line nr="579" mi="12" ci="0" mb="0" cb="0"/><line nr="580" mi="33" ci="0" mb="0" cb="0"/><line nr="581" mi="27" ci="0" mb="0" cb="0"/><line nr="582" mi="5" ci="0" mb="0" cb="0"/><line nr="583" mi="36" ci="0" mb="8" cb="0"/><line nr="585" mi="6" ci="0" mb="0" cb="0"/><line nr="586" mi="11" ci="0" mb="0" cb="0"/><line nr="587" mi="6" ci="0" mb="0" cb="0"/><line nr="588" mi="13" ci="0" mb="0" cb="0"/><line nr="590" mi="45" ci="0" mb="0" cb="0"/><line nr="591" mi="35" ci="0" mb="0" cb="0"/><line nr="593" mi="5" ci="0" mb="0" cb="0"/><line nr="596" mi="62" ci="0" mb="0" cb="0"/><line nr="597" mi="13" ci="0" mb="6" cb="0"/><line nr="598" mi="6" ci="0" mb="0" cb="0"/><line nr="599" mi="3" ci="0" mb="0" cb="0"/><line nr="600" mi="2" ci="0" mb="0" cb="0"/><line nr="601" mi="1" ci="0" mb="0" cb="0"/><line nr="603" mi="16" ci="0" mb="0" cb="0"/><line nr="604" mi="3" ci="0" mb="2" cb="0"/><line nr="605" mi="4" ci="0" mb="0" cb="0"/><line nr="606" mi="3" ci="0" mb="2" cb="0"/><line nr="607" mi="4" ci="0" mb="0" cb="0"/><line nr="609" mi="7" ci="0" mb="0" cb="0"/><line nr="612" mi="9" ci="0" mb="0" cb="0"/><line nr="614" mi="8" ci="0" mb="2" cb="0"/><line nr="615" mi="4" ci="0" mb="0" cb="0"/><line nr="620" mi="4" ci="0" mb="0" cb="0"/><line nr="621" mi="4" ci="0" mb="0" cb="0"/><line nr="623" mi="2" ci="0" mb="0" cb="0"/><line nr="625" mi="3" ci="0" mb="0" cb="0"/><line nr="626" mi="5" ci="0" mb="0" cb="0"/><line nr="627" mi="21" ci="0" mb="0" cb="0"/><line nr="628" mi="39" ci="0" mb="0" cb="0"/><line nr="629" mi="4" ci="0" mb="0" cb="0"/><line nr="630" mi="2" ci="0" mb="0" cb="0"/><line nr="632" mi="30" ci="0" mb="0" cb="0"/><line nr="633" mi="9" ci="0" mb="2" cb="0"/><line nr="634" mi="2" ci="0" mb="0" cb="0"/><line nr="635" mi="12" ci="0" mb="0" cb="0"/><line nr="636" mi="13" ci="0" mb="0" cb="0"/><line nr="637" mi="23" ci="0" mb="4" cb="0"/><line nr="638" mi="6" ci="0" mb="0" cb="0"/><line nr="639" mi="4" ci="0" mb="0" cb="0"/><line nr="640" mi="9" ci="0" mb="2" cb="0"/><line nr="642" mi="23" ci="0" mb="0" cb="0"/><line nr="643" mi="11" ci="0" mb="0" cb="0"/><line nr="644" mi="27" ci="0" mb="0" cb="0"/><line nr="645" mi="7" ci="0" mb="0" cb="0"/><line nr="647" mi="14" ci="0" mb="2" cb="0"/><line nr="648" mi="1" ci="0" mb="0" cb="0"/><line nr="649" mi="4" ci="0" mb="0" cb="0"/><line nr="650" mi="1" ci="0" mb="0" cb="0"/><line nr="651" mi="7" ci="0" mb="0" cb="0"/><line nr="652" mi="8" ci="0" mb="0" cb="0"/><line nr="654" mi="9" ci="0" mb="0" cb="0"/><line nr="655" mi="25" ci="0" mb="0" cb="0"/><line nr="657" mi="1" ci="0" mb="0" cb="0"/><line nr="659" mi="14" ci="0" mb="0" cb="0"/><line nr="661" mi="9" ci="0" mb="0" cb="0"/><line nr="662" mi="36" ci="0" mb="0" cb="0"/><line nr="663" mi="28" ci="0" mb="0" cb="0"/><line nr="664" mi="10" ci="0" mb="0" cb="0"/><line nr="665" mi="29" ci="0" mb="0" cb="0"/><line nr="666" mi="1" ci="0" mb="0" cb="0"/><line nr="667" mi="1" ci="0" mb="0" cb="0"/><line nr="668" mi="2" ci="0" mb="0" cb="0"/><line nr="671" mi="1" ci="0" mb="0" cb="0"/><line nr="673" mi="4" ci="0" mb="2" cb="0"/><line nr="674" mi="4" ci="0" mb="2" cb="0"/><line nr="675" mi="10" ci="0" mb="4" cb="0"/><line nr="676" mi="28" ci="0" mb="6" cb="0"/><line nr="677" mi="1" ci="0" mb="0" cb="0"/><line nr="678" mi="18" ci="0" mb="0" cb="0"/><line nr="679" mi="15" ci="0" mb="0" cb="0"/><line nr="680" mi="2" ci="0" mb="0" cb="0"/><line nr="681" mi="7" ci="0" mb="0" cb="0"/><line nr="684" mi="2" ci="0" mb="0" cb="0"/><line nr="686" mi="2" ci="0" mb="0" cb="0"/><line nr="687" mi="21" ci="0" mb="2" cb="0"/><line nr="688" mi="12" ci="0" mb="0" cb="0"/><line nr="689" mi="5" ci="0" mb="0" cb="0"/><line nr="690" mi="12" ci="0" mb="0" cb="0"/><line nr="691" mi="9" ci="0" mb="0" cb="0"/><line nr="692" mi="13" ci="0" mb="2" cb="0"/><line nr="693" mi="2" ci="0" mb="0" cb="0"/><line nr="694" mi="1" ci="0" mb="0" cb="0"/><line nr="695" mi="2" ci="0" mb="0" cb="0"/><line nr="696" mi="15" ci="0" mb="2" cb="0"/><line nr="703" mi="8" ci="0" mb="0" cb="0"/><line nr="704" mi="5" ci="0" mb="0" cb="0"/><line nr="706" mi="9" ci="0" mb="0" cb="0"/><line nr="708" mi="10" ci="0" mb="0" cb="0"/><line nr="709" mi="3" ci="0" mb="0" cb="0"/><line nr="710" mi="1" ci="0" mb="0" cb="0"/><line nr="711" mi="8" ci="0" mb="0" cb="0"/><line nr="712" mi="5" ci="0" mb="0" cb="0"/><line nr="714" mi="6" ci="0" mb="0" cb="0"/><line nr="715" mi="12" ci="0" mb="0" cb="0"/><line nr="717" mi="8" ci="0" mb="0" cb="0"/><line nr="718" mi="6" ci="0" mb="0" cb="0"/><line nr="720" mi="4" ci="0" mb="0" cb="0"/><line nr="721" mi="3" ci="0" mb="0" cb="0"/><line nr="722" mi="3" ci="0" mb="0" cb="0"/><line nr="724" mi="6" ci="0" mb="0" cb="0"/><line nr="725" mi="12" ci="0" mb="0" cb="0"/><line nr="727" mi="6" ci="0" mb="0" cb="0"/><counter type="INSTRUCTION" missed="6317" covered="0"/><counter type="BRANCH" missed="469" covered="0"/><counter type="LINE" missed="478" covered="0"/><counter type="COMPLEXITY" missed="344" covered="0"/><counter type="METHOD" missed="108" covered="0"/><counter type="CLASS" missed="9" covered="0"/></sourcefile><counter type="INSTRUCTION" missed="6344" covered="0"/><counter type="BRANCH" missed="469" covered="0"/><counter type="LINE" missed="482" covered="0"/><counter type="COMPLEXITY" missed="347" covered="0"/><counter type="METHOD" missed="111" covered="0"/><counter type="CLASS" missed="11" covered="0"/></package><package name="com/yolojj333/heythere/ui/theme"><class name="com/yolojj333/heythere/ui/theme/TypeKt" sourcefilename="Type.kt"><method name="getTypography" desc="()Landroidx/compose/material3/Typography;" line="10"><counter type="INSTRUCTION" missed="2" covered="0"/><counter type="LINE" missed="1" covered="0"/><counter type="COMPLEXITY" missed="1" covered="0"/><counter type="METHOD" missed="1" covered="0"/></method><method name="&lt;clinit&gt;" desc="()V" line="10"><counter type="INSTRUCTION" missed="66" covered="0"/><counter type="LINE" missed="7" covered="0"/><counter type="COMPLEXITY" missed="1" covered="0"/><counter type="METHOD" missed="1" covered="0"/></method><counter type="INSTRUCTION" missed="68" covered="0"/><counter type="LINE" missed="7" covered="0"/><counter type="COMPLEXITY" missed="2" covered="0"/><counter type="METHOD" missed="2" covered="0"/><counter type="CLASS" missed="1" covered="0"/></class><class name="com/yolojj333/heythere/ui/theme/ThemeKt" sourcefilename="Theme.kt"><method name="BeaconTheme" desc="(ZZLkotlin/jvm/functions/Function2;Landroidx/compose/runtime/Composer;II)V" line="30"><counter type="INSTRUCTION" missed="295" covered="0"/><counter type="BRANCH" missed="52" covered="0"/><counter type="LINE" missed="18" covered="0"/><counter type="COMPLEXITY" missed="27" covered="0"/><counter type="METHOD" missed="1" covered="0"/></method><method name="BeaconTheme$lambda$1$lambda$0" desc="(Landroid/view/View;Landroidx/compose/material3/ColorScheme;Z)Lkotlin/Unit;" line="48"><counter type="INSTRUCTION" missed="20" covered="0"/><counter type="LINE" missed="4" covered="0"/><counter type="COMPLEXITY" missed="1" covered="0"/><counter type="METHOD" missed="1" covered="0"/></method><method name="&lt;clinit&gt;" desc="()V" line="18"><counter type="INSTRUCTION" missed="67" covered="0"/><counter type="LINE" missed="8" covered="0"/><counter type="COMPLEXITY" missed="1" covered="0"/><counter type="METHOD" missed="1" covered="0"/></method><counter type="INSTRUCTION" missed="382" covered="0"/><counter type="BRANCH" missed="52" covered="0"/><counter type="LINE" missed="30" covered="0"/><counter type="COMPLEXITY" missed="29" covered="0"/><counter type="METHOD" missed="3" covered="0"/><counter type="CLASS" missed="1" covered="0"/></class><class name="com/yolojj333/heythere/ui/theme/ColorKt" sourcefilename="Color.kt"><method name="getPurple80" desc="()J" line="5"><counter type="INSTRUCTION" missed="2" covered="0"/><counter type="LINE" missed="1" covered="0"/><counter type="COMPLEXITY" missed="1" covered="0"/><counter type="METHOD" missed="1" covered="0"/></method><method name="getPurpleGrey80" desc="()J" line="6"><counter type="INSTRUCTION" missed="2" covered="0"/><counter type="LINE" missed="1" covered="0"/><counter type="COMPLEXITY" missed="1" covered="0"/><counter type="METHOD" missed="1" covered="0"/></method><method name="getPink80" desc="()J" line="7"><counter type="INSTRUCTION" missed="2" covered="0"/><counter type="LINE" missed="1" covered="0"/><counter type="COMPLEXITY" missed="1" covered="0"/><counter type="METHOD" missed="1" covered="0"/></method><method name="getPurple40" desc="()J" line="9"><counter type="INSTRUCTION" missed="2" covered="0"/><counter type="LINE" missed="1" covered="0"/><counter type="COMPLEXITY" missed="1" covered="0"/><counter type="METHOD" missed="1" covered="0"/></method><method name="getPurpleGrey40" desc="()J" line="10"><counter type="INSTRUCTION" missed="2" covered="0"/><counter type="LINE" missed="1" covered="0"/><counter type="COMPLEXITY" missed="1" covered="0"/><counter type="METHOD" missed="1" covered="0"/></method><method name="getPink40" desc="()J" line="11"><counter type="INSTRUCTION" missed="2" covered="0"/><counter type="LINE" missed="1" covered="0"/><counter type="COMPLEXITY" missed="1" covered="0"/><counter type="METHOD" missed="1" covered="0"/></method><method name="&lt;clinit&gt;" desc="()V" line="5"><counter type="INSTRUCTION" missed="19" covered="0"/><counter type="LINE" missed="6" covered="0"/><counter type="COMPLEXITY" missed="1" covered="0"/><counter type="METHOD" missed="1" covered="0"/></method><counter type="INSTRUCTION" missed="31" covered="0"/><counter type="LINE" missed="6" covered="0"/><counter type="COMPLEXITY" missed="7" covered="0"/><counter type="METHOD" missed="7" covered="0"/><counter type="CLASS" missed="1" covered="0"/></class><sourcefile name="Type.kt"><line nr="10" mi="23" ci="0" mb="0" cb="0"/><line nr="11" mi="24" ci="0" mb="0" cb="0"/><line nr="12" mi="5" ci="0" mb="0" cb="0"/><line nr="13" mi="4" ci="0" mb="0" cb="0"/><line nr="14" mi="4" ci="0" mb="0" cb="0"/><line nr="15" mi="4" ci="0" mb="0" cb="0"/><line nr="16" mi="4" ci="0" mb="0" cb="0"/><counter type="INSTRUCTION" missed="68" covered="0"/><counter type="LINE" missed="7" covered="0"/><counter type="COMPLEXITY" missed="2" covered="0"/><counter type="METHOD" missed="2" covered="0"/><counter type="CLASS" missed="1" covered="0"/></sourcefile><sourcefile name="Color.kt"><line nr="5" mi="5" ci="0" mb="0" cb="0"/><line nr="6" mi="5" ci="0" mb="0" cb="0"/><line nr="7" mi="5" ci="0" mb="0" cb="0"/><line nr="9" mi="5" ci="0" mb="0" cb="0"/><line nr="10" mi="5" ci="0" mb="0" cb="0"/><line nr="11" mi="6" ci="0" mb="0" cb="0"/><counter type="INSTRUCTION" missed="31" covered="0"/><counter type="LINE" missed="6" covered="0"/><counter type="COMPLEXITY" missed="7" covered="0"/><counter type="METHOD" missed="7" covered="0"/><counter type="CLASS" missed="1" covered="0"/></sourcefile><sourcefile name="Theme.kt"><line nr="18" mi="30" ci="0" mb="0" cb="0"/><line nr="19" mi="1" ci="0" mb="0" cb="0"/><line nr="20" mi="1" ci="0" mb="0" cb="0"/><line nr="21" mi="1" ci="0" mb="0" cb="0"/><line nr="24" mi="31" ci="0" mb="0" cb="0"/><line nr="25" mi="1" ci="0" mb="0" cb="0"/><line nr="26" mi="1" ci="0" mb="0" cb="0"/><line nr="27" mi="1" ci="0" mb="0" cb="0"/><line nr="30" mi="21" ci="0" mb="4" cb="0"/><line nr="32" mi="12" ci="0" mb="2" cb="0"/><line nr="34" mi="3" ci="0" mb="0" cb="0"/><line nr="36" mi="88" ci="0" mb="26" cb="0"/><line nr="37" mi="2" ci="0" mb="0" cb="0"/><line nr="38" mi="16" ci="0" mb="4" cb="0"/><line nr="39" mi="14" ci="0" mb="0" cb="0"/><line nr="40" mi="7" ci="0" mb="2" cb="0"/><line nr="42" mi="9" ci="0" mb="2" cb="0"/><line nr="43" mi="6" ci="0" mb="0" cb="0"/><line nr="45" mi="14" ci="0" mb="0" cb="0"/><line nr="46" mi="53" ci="0" mb="8" cb="0"/><line nr="47" mi="15" ci="0" mb="0" cb="0"/><line nr="48" mi="8" ci="0" mb="0" cb="0"/><line nr="49" mi="5" ci="0" mb="0" cb="0"/><line nr="50" mi="5" ci="0" mb="0" cb="0"/><line nr="51" mi="2" ci="0" mb="0" cb="0"/><line nr="54" mi="5" ci="0" mb="2" cb="0"/><line nr="55" mi="2" ci="0" mb="0" cb="0"/><line nr="56" mi="1" ci="0" mb="0" cb="0"/><line nr="57" mi="10" ci="0" mb="0" cb="0"/><line nr="59" mi="14" ci="0" mb="2" cb="0"/><counter type="INSTRUCTION" missed="382" covered="0"/><counter type="BRANCH" missed="52" covered="0"/><counter type="LINE" missed="30" covered="0"/><counter type="COMPLEXITY" missed="29" covered="0"/><counter type="METHOD" missed="3" covered="0"/><counter type="CLASS" missed="1" covered="0"/></sourcefile><counter type="INSTRUCTION" missed="481" covered="0"/><counter type="BRANCH" missed="52" covered="0"/><counter type="LINE" missed="43" covered="0"/><counter type="COMPLEXITY" missed="38" covered="0"/><counter type="METHOD" missed="12" covered="0"/><counter type="CLASS" missed="3" covered="0"/></package><package name="com/yolojj333/heythere/models"><class name="com/yolojj333/heythere/models/PrivacySettings" sourcefilename="User.kt"><method name="&lt;init&gt;" desc="(ZZZILjava/util/List;I)V" line="40"><counter type="INSTRUCTION" missed="0" covered="24"/><counter type="LINE" missed="0" covered="7"/><counter type="COMPLEXITY" missed="0" covered="1"/><counter type="METHOD" missed="0" covered="1"/></method><method name="&lt;init&gt;" desc="(ZZZILjava/util/List;IILkotlin/jvm/internal/DefaultConstructorMarker;)V" line="40"><counter type="INSTRUCTION" missed="0" covered="39"/><counter type="LINE" missed="0" covered="8"/><counter type="COMPLEXITY" missed="0" covered="1"/><counter type="METHOD" missed="0" covered="1"/></method><method name="isGlobalLocationOn" desc="()Z" line="41"><counter type="INSTRUCTION" missed="0" covered="3"/><counter type="LINE" missed="0" covered="1"/><counter type="COMPLEXITY" missed="0" covered="1"/><counter type="METHOD" missed="0" covered="1"/></method><method name="setGlobalLocationOn" desc="(Z)V" line="41"><counter type="INSTRUCTION" missed="4" covered="0"/><counter type="LINE" missed="1" covered="0"/><counter type="COMPLEXITY" missed="1" covered="0"/><counter type="METHOD" missed="1" covered="0"/></method><method name="getUsePreciseLocation" desc="()Z" line="42"><counter type="INSTRUCTION" missed="0" covered="3"/><counter type="LINE" missed="0" covered="1"/><counter type="COMPLEXITY" missed="0" covered="1"/><counter type="METHOD" missed="0" covered="1"/></method><method name="setUsePreciseLocation" desc="(Z)V" line="42"><counter type="INSTRUCTION" missed="4" covered="0"/><counter type="LINE" missed="1" covered="0"/><counter type="COMPLEXITY" missed="1" covered="0"/><counter type="METHOD" missed="1" covered="0"/></method><method name="isBackgroundLocationEnabled" desc="()Z" line="43"><counter type="INSTRUCTION" missed="0" covered="3"/><counter type="LINE" missed="0" covered="1"/><counter type="COMPLEXITY" missed="0" covered="1"/><counter type="METHOD" missed="0" covered="1"/></method><method name="setBackgroundLocationEnabled" desc="(Z)V" line="43"><counter type="INSTRUCTION" missed="4" covered="0"/><counter type="LINE" missed="1" covered="0"/><counter type="COMPLEXITY" missed="1" covered="0"/><counter type="METHOD" missed="1" covered="0"/></method><method name="getBackgroundUpdateIntervalSeconds" desc="()I" line="44"><counter type="INSTRUCTION" missed="0" covered="3"/><counter type="LINE" missed="0" covered="1"/><counter type="COMPLEXITY" missed="0" covered="1"/><counter type="METHOD" missed="0" covered="1"/></method><method name="setBackgroundUpdateIntervalSeconds" desc="(I)V" line="44"><counter type="INSTRUCTION" missed="4" covered="0"/><counter type="LINE" missed="1" covered="0"/><counter type="COMPLEXITY" missed="1" covered="0"/><counter type="METHOD" missed="1" covered="0"/></method><method name="getActiveBlackoutZones" desc="()Ljava/util/List;" line="45"><counter type="INSTRUCTION" missed="0" covered="3"/><counter type="LINE" missed="0" covered="1"/><counter type="COMPLEXITY" missed="0" covered="1"/><counter type="METHOD" missed="0" covered="1"/></method><method name="setActiveBlackoutZones" desc="(Ljava/util/List;)V" line="45"><counter type="INSTRUCTION" missed="7" covered="0"/><counter type="LINE" missed="1" covered="0"/><counter type="COMPLEXITY" missed="1" covered="0"/><counter type="METHOD" missed="1" covered="0"/></method><method name="getMapPinSize" desc="()I" line="46"><counter type="INSTRUCTION" missed="0" covered="3"/><counter type="LINE" missed="0" covered="1"/><counter type="C
[...]
11" ci="0" mb="0" cb="0"/><line nr="63" mi="7" ci="0" mb="0" cb="0"/><line nr="64" mi="4" ci="0" mb="0" cb="0"/><line nr="65" mi="7" ci="0" mb="0" cb="0"/><line nr="67" mi="26" ci="0" mb="0" cb="0"/><line nr="69" mi="9" ci="0" mb="0" cb="0"/><line nr="70" mi="2" ci="0" mb="0" cb="0"/><line nr="71" mi="5" ci="0" mb="0" cb="0"/><line nr="72" mi="3" ci="0" mb="0" cb="0"/><line nr="73" mi="9" ci="0" mb="0" cb="0"/><line nr="74" mi="34" ci="0" mb="0" cb="0"/><line nr="75" mi="2" ci="0" mb="0" cb="0"/><line nr="76" mi="3" ci="0" mb="0" cb="0"/><line nr="78" mi="2" ci="0" mb="0" cb="0"/><line nr="79" mi="7" ci="0" mb="0" cb="0"/><line nr="81" mi="30" ci="0" mb="8" cb="0"/><line nr="82" mi="1" ci="0" mb="0" cb="0"/><line nr="83" mi="3" ci="0" mb="0" cb="0"/><line nr="84" mi="1" ci="0" mb="0" cb="0"/><line nr="85" mi="9" ci="0" mb="0" cb="0"/><line nr="86" mi="11" ci="0" mb="0" cb="0"/><line nr="88" mi="9" ci="0" mb="0" cb="0"/><line nr="89" mi="1" ci="0" mb="0" cb="0"/><line nr="90" mi="4" ci="0" mb="0" cb="0"/><line nr="91" mi="1" ci="0" mb="0" cb="0"/><line nr="92" mi="10" ci="0" mb="0" cb="0"/><line nr="93" mi="9" ci="0" mb="0" cb="0"/><line nr="96" mi="1" ci="0" mb="0" cb="0"/><line nr="97" mi="1" ci="0" mb="0" cb="0"/><line nr="99" mi="10" ci="0" mb="0" cb="0"/><line nr="101" mi="1" ci="0" mb="0" cb="0"/><line nr="102" mi="25" ci="0" mb="2" cb="0"/><line nr="103" mi="31" ci="0" mb="0" cb="0"/><line nr="104" mi="36" ci="0" mb="2" cb="0"/><line nr="105" mi="23" ci="0" mb="0" cb="0"/><line nr="106" mi="11" ci="0" mb="0" cb="0"/><line nr="109" mi="10" ci="0" mb="0" cb="0"/><line nr="111" mi="1" ci="0" mb="0" cb="0"/><line nr="112" mi="25" ci="0" mb="2" cb="0"/><line nr="113" mi="31" ci="0" mb="0" cb="0"/><line nr="114" mi="36" ci="0" mb="2" cb="0"/><line nr="115" mi="36" ci="0" mb="2" cb="0"/><line nr="116" mi="25" ci="0" mb="0" cb="0"/><line nr="117" mi="9" ci="0" mb="0" cb="0"/><line nr="118" mi="1" ci="0" mb="0" cb="0"/><line nr="121" mi="10" ci="0" mb="0" cb="0"/><line nr="123" mi="26" ci="0" mb="0" cb="0"/><line nr="124" mi="1" ci="0" mb="0" cb="0"/><line nr="125" mi="26" ci="0" mb="2" cb="0"/><line nr="126" mi="33" ci="0" mb="0" cb="0"/><line nr="127" mi="5" ci="0" mb="0" cb="0"/><line nr="128" mi="7" ci="0" mb="0" cb="0"/><line nr="129" mi="9" ci="0" mb="0" cb="0"/><line nr="132" mi="10" ci="0" mb="0" cb="0"/><line nr="134" mi="1" ci="0" mb="0" cb="0"/><line nr="135" mi="25" ci="0" mb="2" cb="0"/><line nr="136" mi="31" ci="0" mb="0" cb="0"/><line nr="137" mi="36" ci="0" mb="2" cb="0"/><line nr="138" mi="23" ci="0" mb="0" cb="0"/><line nr="139" mi="11" ci="0" mb="0" cb="0"/><line nr="142" mi="10" ci="0" mb="0" cb="0"/><line nr="144" mi="34" ci="0" mb="0" cb="0"/><line nr="145" mi="31" ci="0" mb="0" cb="0"/><line nr="147" mi="10" ci="0" mb="0" cb="0"/><line nr="149" mi="9" ci="0" mb="0" cb="0"/><line nr="150" mi="7" ci="0" mb="0" cb="0"/><line nr="151" mi="8" ci="0" mb="0" cb="0"/><line nr="152" mi="12" ci="0" mb="0" cb="0"/><line nr="154" mi="13" ci="0" mb="0" cb="0"/><line nr="155" mi="5" ci="0" mb="0" cb="0"/><line nr="156" mi="1" ci="0" mb="0" cb="0"/><line nr="157" mi="30" ci="0" mb="2" cb="0"/><line nr="158" mi="17" ci="0" mb="0" cb="0"/><line nr="159" mi="3" ci="0" mb="2" cb="0"/><line nr="160" mi="6" ci="0" mb="0" cb="0"/><line nr="162" mi="5" ci="0" mb="0" cb="0"/><line nr="164" mi="16" ci="0" mb="0" cb="0"/><line nr="165" mi="2" ci="0" mb="0" cb="0"/><line nr="166" mi="49" ci="0" mb="2" cb="0"/><line nr="168" mi="1" ci="0" mb="0" cb="0"/><line nr="169" mi="1" ci="0" mb="0" cb="0"/><line nr="171" mi="10" ci="0" mb="0" cb="0"/><line nr="173" mi="1" ci="0" mb="0" cb="0"/><line nr="174" mi="1" ci="0" mb="0" cb="0"/><line nr="175" mi="8" ci="0" mb="0" cb="0"/><line nr="176" mi="30" ci="0" mb="0" cb="0"/><line nr="177" mi="8" ci="0" mb="0" cb="0"/><line nr="178" mi="28" ci="0" mb="2" cb="0"/><line nr="179" mi="2" ci="0" mb="0" cb="0"/><line nr="182" mi="33" ci="0" mb="8" cb="0"/><line nr="183" mi="20" ci="0" mb="0" cb="0"/><line nr="184" mi="1" ci="0" mb="0" cb="0"/><line nr="185" mi="15" ci="0" mb="0" cb="0"/><line nr="186" mi="18" ci="0" mb="0" cb="0"/><line nr="187" mi="8" ci="0" mb="0" cb="0"/><line nr="188" mi="32" ci="0" mb="2" cb="0"/><line nr="189" mi="2" ci="0" mb="0" cb="0"/><line nr="192" mi="11" ci="0" mb="0" cb="0"/><line nr="193" mi="1" ci="0" mb="0" cb="0"/><line nr="196" mi="31" ci="0" mb="4" cb="0"/><line nr="197" mi="1" ci="0" mb="0" cb="0"/><line nr="198" mi="16" ci="0" mb="0" cb="0"/><line nr="199" mi="36" ci="0" mb="2" cb="0"/><line nr="200" mi="37" ci="0" mb="2" cb="0"/><line nr="201" mi="12" ci="0" mb="0" cb="0"/><line nr="202" mi="5" ci="0" mb="2" cb="0"/><line nr="203" mi="25" ci="0" mb="0" cb="0"/><line nr="204" mi="16" ci="0" mb="0" cb="0"/><line nr="205" mi="3" ci="0" mb="0" cb="0"/><line nr="206" mi="2" ci="0" mb="0" cb="0"/><line nr="207" mi="8" ci="0" mb="0" cb="0"/><line nr="208" mi="31" ci="0" mb="2" cb="0"/><line nr="209" mi="2" ci="0" mb="0" cb="0"/><line nr="210" mi="2" ci="0" mb="0" cb="0"/><line nr="211" mi="24" ci="0" mb="0" cb="0"/><line nr="212" mi="41" ci="0" mb="2" cb="0"/><line nr="213" mi="30" ci="0" mb="2" cb="0"/><line nr="214" mi="2" ci="0" mb="0" cb="0"/><line nr="215" mi="2" ci="0" mb="0" cb="0"/><line nr="218" mi="15" ci="0" mb="2" cb="0"/><counter type="INSTRUCTION" missed="2260" covered="0"/><counter type="BRANCH" missed="160" covered="0"/><counter type="LINE" missed="142" covered="0"/><counter type="COMPLEXITY" missed="108" covered="0"/><counter type="METHOD" missed="28" covered="0"/><counter type="CLASS" missed="2" covered="0"/></sourcefile><sourcefile name="SettingsScreen.kt"><line nr="27" mi="2" ci="0" mb="0" cb="0"/><line nr="33" mi="76" ci="0" mb="18" cb="0"/><line nr="34" mi="45" ci="0" mb="0" cb="0"/><line nr="35" mi="42" ci="0" mb="0" cb="0"/><line nr="36" mi="37" ci="0" mb="0" cb="0"/><line nr="38" mi="18" ci="0" mb="0" cb="0"/><line nr="39" mi="20" ci="0" mb="0" cb="0"/><line nr="40" mi="37" ci="0" mb="0" cb="0"/><line nr="42" mi="9" ci="0" mb="0" cb="0"/><line nr="43" mi="2" ci="0" mb="0" cb="0"/><line nr="44" mi="4" ci="0" mb="0" cb="0"/><line nr="45" mi="9" ci="0" mb="0" cb="0"/><line nr="46" mi="8" ci="0" mb="0" cb="0"/><line nr="47" mi="7" ci="0" mb="0" cb="0"/><line nr="49" mi="26" ci="0" mb="0" cb="0"/><line nr="50" mi="10" ci="0" mb="0" cb="0"/><line nr="52" mi="34" ci="0" mb="0" cb="0"/><line nr="53" mi="10" ci="0" mb="0" cb="0"/><line nr="55" mi="1" ci="0" mb="0" cb="0"/><line nr="56" mi="1" ci="0" mb="0" cb="0"/><line nr="57" mi="1" ci="0" mb="0" cb="0"/><line nr="58" mi="23" ci="0" mb="2" cb="0"/><line nr="59" mi="33" ci="0" mb="0" cb="0"/><line nr="62" mi="16" ci="0" mb="0" cb="0"/><line nr="64" mi="34" ci="0" mb="0" cb="0"/><line nr="65" mi="10" ci="0" mb="0" cb="0"/><line nr="67" mi="1" ci="0" mb="0" cb="0"/><line nr="68" mi="1" ci="0" mb="0" cb="0"/><line nr="69" mi="3" ci="0" mb="2" cb="0"/><line nr="70" mi="2" ci="0" mb="0" cb="0"/><line nr="72" mi="1" ci="0" mb="0" cb="0"/><line nr="73" mi="23" ci="0" mb="2" cb="0"/><line nr="74" mi="33" ci="0" mb="0" cb="0"/><line nr="77" mi="16" ci="0" mb="0" cb="0"/><line nr="79" mi="34" ci="0" mb="0" cb="0"/><line nr="80" mi="10" ci="0" mb="0" cb="0"/><line nr="82" mi="1" ci="0" mb="0" cb="0"/><line nr="83" mi="1" ci="0" mb="0" cb="0"/><line nr="84" mi="1" ci="0" mb="0" cb="0"/><line nr="85" mi="23" ci="0" mb="2" cb="0"/><line nr="86" mi="33" ci="0" mb="0" cb="0"/><line nr="89" mi="17" ci="0" mb="2" cb="0"/><line nr="90" mi="1" ci="0" mb="0" cb="0"/><line nr="91" mi="25" ci="0" mb="2" cb="0"/><line nr="92" mi="14" ci="0" mb="0" cb="0"/><line nr="93" mi="3" ci="0" mb="0" cb="0"/><line nr="94" mi="3" ci="0" mb="0" cb="0"/><line nr="95" mi="5" ci="0" mb="4" cb="0"/><line nr="96" mi="14" ci="0" mb="0" cb="0"/><line nr="98" mi="2" ci="0" mb="0" cb="0"/><line nr="99" mi="36" ci="0" mb="2" cb="0"/><line nr="100" mi="14" ci="0" mb="0" cb="0"/><line nr="101" mi="31" ci="0" mb="0" cb="0"/><line nr="102" mi="11" ci="0" mb="0" cb="0"/><line nr="106" mi="16" ci="0" mb="0" cb="0"/><line nr="108" mi="34" ci="0" mb="0" cb="0"/><line nr="109" mi="1" ci="0" mb="0" cb="0"/><line nr="110" mi="2" ci="0" mb="0" cb="0"/><line nr="111" mi="21" ci="0" mb="0" cb="0"/><line nr="112" mi="7" ci="0" mb="0" cb="0"/><line nr="114" mi="16" ci="0" mb="0" cb="0"/><line nr="116" mi="6" ci="0" mb="0" cb="0"/><line nr="117" mi="9" ci="0" mb="0" cb="0"/><line nr="118" mi="2" ci="0" mb="0" cb="0"/><line nr="119" mi="4" ci="0" mb="0" cb="0"/><line nr="120" mi="9" ci="0" mb="0" cb="0"/><line nr="121" mi="4" ci="0" mb="0" cb="0"/><line nr="122" mi="7" ci="0" mb="0" cb="0"/><line nr="124" mi="23" ci="0" mb="0" cb="0"/><line nr="125" mi="27" ci="0" mb="0" cb="0"/><line nr="126" mi="37" ci="0" mb="0" cb="0"/><line nr="127" mi="1" ci="0" mb="0" cb="0"/><line nr="128" mi="23" ci="0" mb="0" cb="0"/><line nr="129" mi="5" ci="0" mb="0" cb="0"/><line nr="130" mi="4" ci="0" mb="0" cb="0"/><line nr="131" mi="13" ci="0" mb="0" cb="0"/><line nr="132" mi="10" ci="0" mb="0" cb="0"/><line nr="133" mi="17" ci="0" mb="2" cb="0"/><line nr="134" mi="2" ci="0" mb="0" cb="0"/><line nr="135" mi="1" ci="0" mb="0" cb="0"/><line nr="136" mi="1" ci="0" mb="0" cb="0"/><line nr="138" mi="14" ci="0" mb="2" cb="0"/><line nr="139" mi="10" ci="0" mb="0" cb="0"/><line nr="140" mi="1" ci="0" mb="0" cb="0"/><line nr="141" mi="7" ci="0" mb="0" cb="0"/><line nr="142" mi="18" ci="0" mb="0" cb="0"/><line nr="143" mi="17" ci="0" mb="0" cb="0"/><line nr="144" mi="20" ci="0" mb="0" cb="0"/><line nr="145" mi="3" ci="0" mb="0" cb="0"/><line nr="146" mi="14" ci="0" mb="0" cb="0"/><line nr="147" mi="17" ci="0" mb="0" cb="0"/><line nr="148" mi="51" ci="0" mb="4" cb="0"/><line nr="149" mi="8" ci="0" mb="0" cb="0"/><line nr="150" mi="11" ci="0" mb="0" cb="0"/><line nr="151" mi="11" ci="0" mb="2" cb="0"/><line nr="154" mi="10" ci="0" mb="0" cb="0"/><line nr="156" mi="27" ci="0" mb="0" cb="0"/><line nr="157" mi="1" ci="0" mb="0" cb="0"/><line nr="158" mi="14" ci="0" mb="0" cb="0"/><line nr="159" mi="19" ci="0" mb="0" cb="0"/><line nr="160" mi="12" ci="0" mb="0" cb="0"/><line nr="161" mi="8" ci="0" mb="2" cb="0"/><line nr="164" mi="34" ci="0" mb="0" cb="0"/><line nr="166" mi="2" ci="0" mb="0" cb="0"/><line nr="167" mi="16" ci="0" mb="0" cb="0"/><line nr="168" mi="12" ci="0" mb="6" cb="0"/><line nr="169" mi="3" ci="0" mb="0" cb="0"/><line nr="170" mi="19" ci="0" mb="0" cb="0"/><line nr="171" mi="1" ci="0" mb="0" cb="0"/><line nr="172" mi="6" ci="0" mb="0" cb="0"/><line nr="173" mi="1" ci="0" mb="0" cb="0"/><line nr="174" mi="9" ci="0" mb="0" cb="0"/><line nr="176" mi="47" ci="0" mb="2" cb="0"/><line nr="177" mi="4" ci="0" mb="0" cb="0"/><line nr="178" mi="13" ci="0" mb="6" cb="0"/><line nr="179" mi="6" ci="0" mb="0" cb="0"/><line nr="180" mi="4" ci="0" mb="0" cb="0"/><line nr="181" mi="6" ci="0" mb="0" cb="0"/><line nr="182" mi="2" ci="0" mb="0" cb="0"/><line nr="183" mi="2" ci="0" mb="0" cb="0"/><line nr="184" mi="4" ci="0" mb="0" cb="0"/><line nr="186" mi="6" ci="0" mb="0" cb="0"/><line nr="187" mi="4" ci="0" mb="0" cb="0"/><line nr="188" mi="15" ci="0" mb="0" cb="0"/><line nr="189" mi="4" ci="0" mb="0" cb="0"/><line nr="190" mi="5" ci="0" mb="0" cb="0"/><line nr="192" mi="7" ci="0" mb="0" cb="0"/><line nr="194" mi="2" ci="0" mb="0" cb="0"/><line nr="195" mi="1" ci="0" mb="0" cb="0"/><line nr="196" mi="35" ci="0" mb="2" cb="0"/><line nr="197" mi="4" ci="0" mb="0" cb="0"/><line nr="198" mi="7" ci="0" mb="0" cb="0"/><line nr="199" mi="2" ci="0" mb="0" cb="0"/><line nr="201" mi="3" ci="0" mb="0" cb="0"/><line nr="203" mi="2" ci="0" mb="0" cb="0"/><line nr="204" mi="6" ci="0" mb="0" cb="0"/><line nr="205" mi="22" ci="0" mb="6" cb="0"/><line nr="206" mi="11" ci="0" mb="0" cb="0"/><line nr="207" mi="12" ci="0" mb="2" cb="0"/><line nr="208" mi="19" ci="0" mb="0" cb="0"/><line nr="209" mi="12" ci="0" mb="2" cb="0"/><line nr="210" mi="22" ci="0" mb="0" cb="0"/><line nr="212" mi="2" ci="0" mb="0" cb="0"/><line nr="213" mi="1" ci="0" mb="0" cb="0"/><line nr="214" mi="2" ci="0" mb="0" cb="0"/><line nr="215" mi="8" ci="0" mb="0" cb="0"/><line nr="216" mi="1" ci="0" mb="0" cb="0"/><line nr="217" mi="1" ci="0" mb="0" cb="0"/><line nr="218" mi="25" ci="0" mb="0" cb="0"/><line nr="219" mi="14" ci="0" mb="0" cb="0"/><line nr="223" mi="16" ci="0" mb="0" cb="0"/><line nr="225" mi="34" ci="0" mb="0" cb="0"/><line nr="226" mi="10" ci="0" mb="0" cb="0"/><line nr="228" mi="24" ci="0" mb="0" cb="0"/><line nr="229" mi="29" ci="0" mb="0" cb="0"/><line nr="231" mi="1" ci="0" mb="0" cb="0"/><line nr="232" mi="26" ci="0" mb="2" cb="0"/><line nr="233" mi="14" ci="0" mb="0" cb="0"/><line nr="234" mi="14" ci="0" mb="0" cb="0"/><line nr="235" mi="2" ci="0" mb="0" cb="0"/><line nr="236" mi="5" ci="0" mb="0" cb="0"/><line nr="237" mi="7" ci="0" mb="0" cb="0"/><line nr="238" mi="9" ci="0" mb="0" cb="0"/><line nr="241" mi="16" ci="0" mb="0" cb="0"/><line nr="243" mi="2" ci="0" mb="0" cb="0"/><line nr="244" mi="1" ci="0" mb="0" cb="0"/><line nr="245" mi="32" ci="0" mb="0" cb="0"/><line nr="246" mi="10" ci="0" mb="0" cb="0"/><line nr="247" mi="9" ci="0" mb="0" cb="0"/><line nr="248" mi="26" ci="0" mb="2" cb="0"/><line nr="249" mi="2" ci="0" mb="0" cb="0"/><line nr="250" mi="1" ci="0" mb="0" cb="0"/><line nr="251" mi="15" ci="0" mb="2" cb="0"/><line nr="253" mi="2" ci="0" mb="0" cb="0"/><line nr="254" mi="80" ci="0" mb="22" cb="0"/><line nr="255" mi="9" ci="0" mb="0" cb="0"/><line nr="256" mi="2" ci="0" mb="0" cb="0"/><line nr="257" mi="4" ci="0" mb="0" cb="0"/><line nr="258" mi="9" ci="0" mb="0" cb="0"/><line nr="259" mi="4" ci="0" mb="0" cb="0"/><line nr="260" mi="7" ci="0" mb="0" cb="0"/><line nr="262" mi="33" ci="0" mb="0" cb="0"/><line nr="263" mi="30" ci="0" mb="0" cb="0"/><line nr="264" mi="38" ci="0" mb="0" cb="0"/><line nr="265" mi="1" ci="0" mb="0" cb="0"/><line nr="266" mi="2" ci="0" mb="0" cb="0"/><line nr="267" mi="1" ci="0" mb="0" cb="0"/><line nr="268" mi="19" ci="0" mb="0" cb="0"/><line nr="270" mi="1" ci="0" mb="0" cb="0"/><line nr="271" mi="14" ci="0" mb="2" cb="0"/><counter type="INSTRUCTION" missed="2623" covered="0"/><counter type="BRANCH" missed="140" covered="0"/><counter type="LINE" missed="190" covered="0"/><counter type="COMPLEXITY" missed="99" covered="0"/><counter type="METHOD" missed="29" covered="0"/><counter type="CLASS" missed="5" covered="0"/></sourcefile><sourcefile name="MessagesScreen.kt"><line nr="11" mi="2" ci="0" mb="0" cb="0"/><line nr="12" mi="19" ci="0" mb="6" cb="0"/><line nr="13" mi="22" ci="0" mb="0" cb="0"/><line nr="14" mi="26" ci="0" mb="0" cb="0"/><line nr="15" mi="1" ci="0" mb="0" cb="0"/><line nr="16" mi="10" ci="0" mb="2" cb="0"/><counter type="INSTRUCTION" missed="80" covered="0"/><counter type="BRANCH" missed="8" covered="0"/><counter type="LINE" missed="6" covered="0"/><counter type="COMPLEXITY" missed="5" covered="0"/><counter type="METHOD" missed="1" covered="0"/><counter type="CLASS" missed="1" covered="0"/></sourcefile><sourcefile name="AuthScreen.kt"><line nr="21" mi="2" ci="0" mb="0" cb="0"/><line nr="23" mi="48" ci="0" mb="10" cb="0"/><line nr="24" mi="45" ci="0" mb="0" cb="0"/><line nr="25" mi="45" ci="0" mb="0" cb="0"/><line nr="26" mi="47" ci="0" mb="0" cb="0"/><line nr="27" mi="47" ci="0" mb="0" cb="0"/><line nr="28" mi="45" ci="0" mb="0" cb="0"/><line nr="29" mi="37" ci="0" mb="0" cb="0"/><line nr="31" mi="5" ci="0" mb="0" cb="0"/><line nr="33" mi="9" ci="0" mb="0" cb="0"/><line nr="34" mi="2" ci="0" mb="0" cb="0"/><line nr="35" mi="4" ci="0" mb="0" cb="0"/><line nr="36" mi="8" ci="0" mb="0" cb="0"/><line nr="37" mi="9" ci="0" mb="0" cb="0"/><line nr="38" mi="6" ci="0" mb="0" cb="0"/><line nr="41" mi="22" ci="0" mb="0" cb="0"/><line nr="42" mi="10" ci="0" mb="0" cb="0"/><line nr="45" mi="1" ci="0" mb="0" cb="0"/><line nr="46" mi="2" ci="0" mb="0" cb="0"/><line nr="47" mi="5" ci="0" mb="0" cb="0"/><line nr="48" mi="19" ci="0" mb="0" cb="0"/><line nr="49" mi="7" ci="0" mb="0" cb="0"/><line nr="51" mi="10" ci="0" mb="0" cb="0"/><line nr="54" mi="1" ci="0" mb="0" cb="0"/><line nr="55" mi="9" ci="0" mb="2" cb="0"/><line nr="56" mi="5" ci="0" mb="0" cb="0"/><line nr="57" mi="19" ci="0" mb="0" cb="0"/><line nr="58" mi="7" ci="0" mb="0" cb="0"/><line nr="60" mi="10" ci="0" mb="0" cb="0"/><line nr="62" mi="1" ci="0" mb="0" cb="0"/><line nr="63" mi="14" ci="0" mb="0" cb="0"/><line nr="64" mi="17" ci="0" mb="0" cb="0"/><line nr="65" mi="36" ci="0" mb="2" cb="0"/><line nr="66" mi="23" ci="0" mb="0" cb="0"/><line nr="67" mi="11" ci="0" mb="0" cb="0"/><line nr="69" mi="10" ci="0" mb="0" cb="0"/><line nr="71" mi="1" ci="0" mb="0" cb="0"/><line nr="72" mi="14" ci="0" mb="0" cb="0"/><line nr="73" mi="17" ci="0" mb="0" cb="0"/><line nr="74" mi="37" ci="0" mb="2" cb="0"/><line nr="75" mi="17" ci="0" mb="2" cb="0"/><line nr="76" mi="16" ci="0" mb="0" cb="0"/><line nr="77" mi="11" ci="0" mb="0" cb="0"/><line nr="78" mi="12" ci="0" mb="0" cb="0"/><line nr="79" mi="4" ci="0" mb="2" cb="0"/><line nr="80" mi="3" ci="0" mb="0" cb="0"/><line nr="82" mi="2" ci="0" mb="0" cb="0"/><line nr="84" mi="17" ci="0" mb="2" cb="0"/><line nr="86" mi="42" ci="0" mb="4" cb="0"/><line nr="87" mi="12" ci="0" mb="2" cb="0"/><line nr="88" mi="2" ci="0" mb="0" cb="0"/><line nr="89" mi="2" ci="0" mb="0" cb="0"/><line nr="91" mi="10" ci="0" mb="0" cb="0"/><line nr="93" mi="38" ci="0" mb="4" cb="0"/><line nr="94" mi="29" ci="0" mb="0" cb="0"/><line nr="95" mi="10" ci="0" mb="0" cb="0"/><line nr="98" mi="1" ci="0" mb="0" cb="0"/><line nr="99" mi="16" ci="0" mb="0" cb="0"/><line nr="100" mi="10" ci="0" mb="4" cb="0"/><line nr="101" mi="3" ci="0" mb="0" cb="0"/><line nr="102" mi="2" ci="0" mb="0" cb="0"/><line nr="105" mi="3" ci="0" mb="0" cb="0"/><line nr="106" mi="3" ci="0" mb="0" cb="0"/><line nr="108" mi="3" ci="0" mb="2" cb="0"/><line nr="109" mi="6" ci="0" mb="0" cb="0"/><line nr="110" mi="6" ci="0" mb="0" cb="0"/><line nr="111" mi="3" ci="0" mb="0" cb="0"/><line nr="112" mi="3" ci="0" mb="2" cb="0"/><line nr="113" mi="4" ci="0" mb="0" cb="0"/><line nr="115" mi="11" ci="0" mb="4" cb="0"/><line nr="117" mi="1" ci="0" mb="0" cb="0"/><line nr="119" mi="6" ci="0" mb="0" cb="0"/><line nr="120" mi="6" ci="0" mb="0" cb="0"/><line nr="121" mi="3" ci="0" mb="0" cb="0"/><line nr="122" mi="3" ci="0" mb="2" cb="0"/><line nr="123" mi="4" ci="0" mb="0" cb="0"/><line nr="125" mi="11" ci="0" mb="4" cb="0"/><line nr="127" mi="1" ci="0" mb="0" cb="0"/><line nr="129" mi="2" ci="0" mb="0" cb="0"/><line nr="130" mi="6" ci="0" mb="0" cb="0"/><line nr="131" mi="13" ci="0" mb="2" cb="0"/><line nr="132" mi="11" ci="0" mb="0" cb="0"/><line nr="133" mi="31" ci="0" mb="4" cb="0"/><line nr="134" mi="2" ci="0" mb="0" cb="0"/><line nr="136" mi="20" ci="0" mb="0" cb="0"/><line nr="138" mi="22" ci="0" mb="0" cb="0"/><line nr="139" mi="8" ci="0" mb="2" cb="0"/><line nr="140" mi="3" ci="0" mb="0" cb="0"/><line nr="141" mi="13" ci="0" mb="0" cb="0"/><line nr="142" mi="31" ci="0" mb="4" cb="0"/><line nr="143" mi="2" ci="0" mb="0" cb="0"/><line nr="144" mi="1" ci="0" mb="0" cb="0"/><line nr="145" mi="11" ci="0" mb="2" cb="0"/><counter type="INSTRUCTION" missed="1312" covered="0"/><counter type="BRANCH" missed="100" covered="0"/><counter type="LINE" missed="93" covered="0"/><counter type="COMPLEXITY" missed="77" covered="0"/><counter type="METHOD" missed="27" covered="0"/><counter type="CLASS" missed="2" covered="0"/></sourcefile><counter type="INSTRUCTION" missed="6275" covered="0"/><counter type="BRANCH" missed="408" covered="0"/><counter type="LINE" missed="431" covered="0"/><counter type="COMPLEXITY" missed="289" covered="0"/><counter type="METHOD" missed="85" covered="0"/><counter type="CLASS" missed="10" covered="0"/></package><counter type="INSTRUCTION" missed="13613" covered="428"/><counter type="BRANCH" missed="958" covered="2"/><counter type="LINE" missed="1025" covered="49"/><counter type="COMPLEXITY" missed="735" covered="31"/><counter type="METHOD" missed="254" covered="30"/><counter type="CLASS" missed="25" covered="5"/></report>